2026.01.12 18:38:03 INFO  Started: Metals version 1.6.4 in folders 'C:\Users\szymo\repozytoria\AplikacjePrzemyslowe_DatingApp' for client Visual Studio Code 1.108.0.[0m
2026.01.12 18:38:05 WARN  Using H2 2.4.240 which is newer than the version Flyway has been verified with. The latest verified version of H2 is 2.3.232.[0m
2026.01.12 18:38:05 INFO  no build target found for C:\Users\szymo\repozytoria\AplikacjePrzemyslowe_DatingApp\dApp\src\test\java\AplikacjePrzeyslowe\dApp\controller\rest\UserRestControllerTest.java. Using fallback presentation compiler.[0m
sty 12, 2026 6:38:07 PM org.eclipse.lsp4j.jsonrpc.RemoteEndpoint handleCancellation
WARNING: Unmatched cancel notification for request id 2
sty 12, 2026 6:38:07 PM org.eclipse.lsp4j.jsonrpc.RemoteEndpoint handleCancellation
WARNING: Unmatched cancel notification for request id 4
sty 12, 2026 6:38:07 PM org.eclipse.lsp4j.jsonrpc.RemoteEndpoint handleCancellation
WARNING: Unmatched cancel notification for request id 1
2026.01.12 18:38:07 INFO  no build target found for C:\Users\szymo\repozytoria\AplikacjePrzemyslowe_DatingApp\dApp\src\test\java\AplikacjePrzeyslowe\dApp\dao\UserStatsDAOTest.java. Using fallback presentation compiler.[0m
2026.01.12 18:38:10 INFO  no build target found for C:\Users\szymo\repozytoria\AplikacjePrzemyslowe_DatingApp\dApp\src\test\java\AplikacjePrzeyslowe\dApp\integration\DatingAppIntegrationTest.java. Using fallback presentation compiler.[0m
2026.01.12 18:38:14 WARN  no build target for: C:\Users\szymo\repozytoria\AplikacjePrzemyslowe_DatingApp\dApp\src\test\java\AplikacjePrzeyslowe\dApp\integration\DatingAppIntegrationTest.java[0m
2026.01.12 18:38:14 WARN  no build target for: C:\Users\szymo\repozytoria\AplikacjePrzemyslowe_DatingApp\dApp\src\test\java\AplikacjePrzeyslowe\dApp\integration\DatingAppIntegrationTest.java[0m
2026.01.12 18:38:14 WARN  no build target for: C:\Users\szymo\repozytoria\AplikacjePrzemyslowe_DatingApp\dApp\src\test\java\AplikacjePrzeyslowe\dApp\dao\UserStatsDAOTest.java[0m
2026.01.12 18:38:14 WARN  no build target for: C:\Users\szymo\repozytoria\AplikacjePrzemyslowe_DatingApp\dApp\src\test\java\AplikacjePrzeyslowe\dApp\dao\UserStatsDAOTest.java[0m
2026.01.12 18:38:14 WARN  no build target for: C:\Users\szymo\repozytoria\AplikacjePrzemyslowe_DatingApp\dApp\src\test\java\AplikacjePrzeyslowe\dApp\controller\rest\UserRestControllerTest.java[0m
2026.01.12 18:38:17 WARN  no build target for: C:\Users\szymo\repozytoria\AplikacjePrzemyslowe_DatingApp\dApp\src\test\java\AplikacjePrzeyslowe\dApp\repository\LikeRepositoryTest.java[0m
2026.01.12 18:38:17 INFO  no build target found for C:\Users\szymo\repozytoria\AplikacjePrzemyslowe_DatingApp\dApp\src\test\java\AplikacjePrzeyslowe\dApp\repository\LikeRepositoryTest.java. Using fallback presentation compiler.[0m
2026.01.12 18:38:17 WARN  no build target for: C:\Users\szymo\repozytoria\AplikacjePrzemyslowe_DatingApp\dApp\src\test\java\AplikacjePrzeyslowe\dApp\repository\LikeRepositoryTest.java[0m
2026.01.12 18:38:19 WARN  no build target for: C:\Users\szymo\repozytoria\AplikacjePrzemyslowe_DatingApp\dApp\src\test\java\AplikacjePrzeyslowe\dApp\repository\UserRepositoryTest.java[0m
2026.01.12 18:38:19 INFO  no build target found for C:\Users\szymo\repozytoria\AplikacjePrzemyslowe_DatingApp\dApp\src\test\java\AplikacjePrzeyslowe\dApp\repository\UserRepositoryTest.java. Using fallback presentation compiler.[0m
2026.01.12 18:38:20 WARN  no build target for: C:\Users\szymo\repozytoria\AplikacjePrzemyslowe_DatingApp\dApp\src\test\java\AplikacjePrzeyslowe\dApp\repository\UserRepositoryTest.java[0m
2026.01.12 18:38:45 INFO  no build target found for C:\Users\szymo\repozytoria\AplikacjePrzemyslowe_DatingApp\dApp\src\test\java\AplikacjePrzeyslowe\dApp\controller\rest\UserRestControllerTest.java. Using fallback presentation compiler.[0m
2026.01.12 18:38:45 INFO  no build target found for C:\Users\szymo\repozytoria\AplikacjePrzemyslowe_DatingApp\dApp\src\test\java\AplikacjePrzeyslowe\dApp\controller\rest\UserRestControllerTest.java. Using fallback presentation compiler.[0m
2026.01.12 18:38:46 INFO  empty definition using pc, found symbol in pc: _empty_/UserRegistrationDTO#setUsername# (full report at: "C:\Users\szymo\repozytoria\AplikacjePrzemyslowe_DatingApp\.metals\.reports\metals-full\2026-01-12\r_empty-definition_18-38-46-347.md")[0m
2026.01.12 18:38:45 INFO  Created report: Optional[file:///C:/Users/szymo/repozytoria/AplikacjePrzemyslowe_DatingApp/dApp/src/test/java/AplikacjePrzeyslowe/dApp/controller/rest/UserRestControllerTest.java][0m
2026.01.12 18:38:45 INFO  empty definition using pc, found symbol in pc: _empty_/UserRegistrationDTO#setUsername# (full report at: "C:\Users\szymo\repozytoria\AplikacjePrzemyslowe_DatingApp\.metals\.reports\metals-full\2026-01-12\r_empty-definition_18-38-46-347.md")[0m
2026.01.12 18:38:46 INFO  no build target found for C:\Users\szymo\repozytoria\AplikacjePrzemyslowe_DatingApp\dApp\src\test\java\AplikacjePrzeyslowe\dApp\controller\rest\UserRestControllerTest.java. Using fallback presentation compiler.[0m
2026.01.12 18:38:46 INFO  Created report: Optional[file:///C:/Users/szymo/repozytoria/AplikacjePrzemyslowe_DatingApp/dApp/src/test/java/AplikacjePrzeyslowe/dApp/controller/rest/UserRestControllerTest.java][0m
2026.01.12 18:38:46 INFO  empty definition using pc, found symbol in pc: AplikacjePrzeyslowe/dApp/dto/UserRegistrationDTO# (full report at: "C:\Users\szymo\repozytoria\AplikacjePrzemyslowe_DatingApp\.metals\.reports\metals-full\2026-01-12\r_empty-definition_18-38-47-107.md")[0m
2026.01.12 18:38:47 WARN  no build target for: C:\Users\szymo\repozytoria\AplikacjePrzemyslowe_DatingApp\dApp\src\main\java\AplikacjePrzeyslowe\dApp\dto\UserRegistrationDTO.java[0m
2026.01.12 18:38:47 INFO  no build target found for C:\Users\szymo\repozytoria\AplikacjePrzemyslowe_DatingApp\dApp\src\test\java\AplikacjePrzeyslowe\dApp\controller\rest\UserRestControllerTest.java. Using fallback presentation compiler.[0m
2026.01.12 18:38:47 INFO  no build target found for C:\Users\szymo\repozytoria\AplikacjePrzemyslowe_DatingApp\dApp\src\main\java\AplikacjePrzeyslowe\dApp\dto\UserRegistrationDTO.java. Using fallback presentation compiler.[0m
2026.01.12 18:38:47 INFO  empty definition using pc, found symbol in pc: AplikacjePrzeyslowe/dApp/dto/UserRegistrationDTO# (full report at: "C:\Users\szymo\repozytoria\AplikacjePrzemyslowe_DatingApp\.metals\.reports\metals-full\2026-01-12\r_empty-definition_18-38-47-107.md")[0m
2026.01.12 18:38:47 WARN  no build target for: C:\Users\szymo\repozytoria\AplikacjePrzemyslowe_DatingApp\dApp\src\main\java\AplikacjePrzeyslowe\dApp\dto\UserRegistrationDTO.java[0m
2026.01.12 18:38:47 INFO  no build target found for C:\Users\szymo\repozytoria\AplikacjePrzemyslowe_DatingApp\dApp\src\main\java\AplikacjePrzeyslowe\dApp\dto\UserRegistrationDTO.java. Using fallback presentation compiler.[0m
2026.01.12 18:38:52 INFO  no build target found for C:\Users\szymo\repozytoria\AplikacjePrzemyslowe_DatingApp\dApp\src\test\java\AplikacjePrzeyslowe\dApp\controller\rest\UserRestControllerTest.java. Using fallback presentation compiler.[0m
2026.01.12 18:38:55 INFO  no build target found for C:\Users\szymo\repozytoria\AplikacjePrzemyslowe_DatingApp\dApp\src\test\java\AplikacjePrzeyslowe\dApp\controller\rest\UserRestControllerTest.java. Using fallback presentation compiler.[0m
2026.01.12 18:38:55 INFO  no build target found for C:\Users\szymo\repozytoria\AplikacjePrzemyslowe_DatingApp\dApp\src\test\java\AplikacjePrzeyslowe\dApp\controller\rest\UserRestControllerTest.java. Using fallback presentation compiler.[0m
2026.01.12 18:39:01 INFO  no build target found for C:\Users\szymo\repozytoria\AplikacjePrzemyslowe_DatingApp\dApp\src\test\java\AplikacjePrzeyslowe\dApp\controller\rest\UserRestControllerTest.java. Using fallback presentation compiler.[0m
2026.01.12 18:39:05 WARN  no build target for: C:\Users\szymo\repozytoria\AplikacjePrzemyslowe_DatingApp\dApp\src\test\java\AplikacjePrzeyslowe\dApp\controller\rest\UserRestControllerTest.java[0m
2026.01.12 18:39:05 INFO  no build target found for C:\Users\szymo\repozytoria\AplikacjePrzemyslowe_DatingApp\dApp\src\test\java\AplikacjePrzeyslowe\dApp\controller\rest\UserRestControllerTest.java. Using fallback presentation compiler.[0m
2026.01.12 18:39:05 INFO  no build target found for C:\Users\szymo\repozytoria\AplikacjePrzemyslowe_DatingApp\dApp\src\test\java\AplikacjePrzeyslowe\dApp\controller\rest\UserRestControllerTest.java. Using fallback presentation compiler.[0m
2026.01.12 18:39:05 INFO  no build target found for C:\Users\szymo\repozytoria\AplikacjePrzemyslowe_DatingApp\dApp\src\test\java\AplikacjePrzeyslowe\dApp\controller\rest\UserRestControllerTest.java. Using fallback presentation compiler.[0m
2026.01.12 18:39:05 INFO  no build target found for C:\Users\szymo\repozytoria\AplikacjePrzemyslowe_DatingApp\dApp\src\test\java\AplikacjePrzeyslowe\dApp\controller\rest\UserRestControllerTest.java. Using fallback presentation compiler.[0m
2026.01.12 18:39:07 INFO  no build target found for C:\Users\szymo\repozytoria\AplikacjePrzemyslowe_DatingApp\dApp\src\test\java\AplikacjePrzeyslowe\dApp\controller\rest\UserRestControllerTest.java. Using fallback presentation compiler.[0m
2026.01.12 18:39:07 INFO  no build target found for C:\Users\szymo\repozytoria\AplikacjePrzemyslowe_DatingApp\dApp\src\test\java\AplikacjePrzeyslowe\dApp\controller\rest\UserRestControllerTest.java. Using fallback presentation compiler.[0m
2026.01.12 18:39:07 INFO  no build target found for C:\Users\szymo\repozytoria\AplikacjePrzemyslowe_DatingApp\dApp\src\test\java\AplikacjePrzeyslowe\dApp\controller\rest\UserRestControllerTest.java. Using fallback presentation compiler.[0m
2026.01.12 18:39:07 INFO  no build target found for C:\Users\szymo\repozytoria\AplikacjePrzemyslowe_DatingApp\dApp\src\test\java\AplikacjePrzeyslowe\dApp\controller\rest\UserRestControllerTest.java. Using fallback presentation compiler.[0m
2026.01.12 18:39:10 INFO  no build target found for C:\Users\szymo\repozytoria\AplikacjePrzemyslowe_DatingApp\dApp\src\test\java\AplikacjePrzeyslowe\dApp\controller\rest\UserRestControllerTest.java. Using fallback presentation compiler.[0m
2026.01.12 18:39:10 INFO  no build target found for C:\Users\szymo\repozytoria\AplikacjePrzemyslowe_DatingApp\dApp\src\test\java\AplikacjePrzeyslowe\dApp\controller\rest\UserRestControllerTest.java. Using fallback presentation compiler.[0m
2026.01.12 18:39:10 INFO  no build target found for C:\Users\szymo\repozytoria\AplikacjePrzemyslowe_DatingApp\dApp\src\test\java\AplikacjePrzeyslowe\dApp\controller\rest\UserRestControllerTest.java. Using fallback presentation compiler.[0m
2026.01.12 18:39:10 INFO  no build target found for C:\Users\szymo\repozytoria\AplikacjePrzemyslowe_DatingApp\dApp\src\test\java\AplikacjePrzeyslowe\dApp\controller\rest\UserRestControllerTest.java. Using fallback presentation compiler.[0m
2026.01.12 18:39:10 INFO  no build target found for C:\Users\szymo\repozytoria\AplikacjePrzemyslowe_DatingApp\dApp\src\test\java\AplikacjePrzeyslowe\dApp\controller\rest\UserRestControllerTest.java. Using fallback presentation compiler.[0m
2026.01.12 18:39:10 INFO  no build target found for C:\Users\szymo\repozytoria\AplikacjePrzemyslowe_DatingApp\dApp\src\test\java\AplikacjePrzeyslowe\dApp\controller\rest\UserRestControllerTest.java. Using fallback presentation compiler.[0m
2026.01.12 18:39:11 INFO  no build target found for C:\Users\szymo\repozytoria\AplikacjePrzemyslowe_DatingApp\dApp\src\test\java\AplikacjePrzeyslowe\dApp\controller\rest\UserRestControllerTest.java. Using fallback presentation compiler.[0m
2026.01.12 18:39:11 INFO  no build target found for C:\Users\szymo\repozytoria\AplikacjePrzemyslowe_DatingApp\dApp\src\test\java\AplikacjePrzeyslowe\dApp\controller\rest\UserRestControllerTest.java. Using fallback presentation compiler.[0m
sty 12, 2026 6:39:11 PM org.eclipse.lsp4j.jsonrpc.RemoteEndpoint handleCancellation
WARNING: Unmatched cancel notification for request id 34
2026.01.12 18:39:11 INFO  no build target found for C:\Users\szymo\repozytoria\AplikacjePrzemyslowe_DatingApp\dApp\src\test\java\AplikacjePrzeyslowe\dApp\controller\rest\UserRestControllerTest.java. Using fallback presentation compiler.[0m
sty 12, 2026 6:39:11 PM org.eclipse.lsp4j.jsonrpc.RemoteEndpoint handleCancellation
WARNING: Unmatched cancel notification for request id 35
2026.01.12 18:39:11 INFO  no build target found for C:\Users\szymo\repozytoria\AplikacjePrzemyslowe_DatingApp\dApp\src\test\java\AplikacjePrzeyslowe\dApp\controller\rest\UserRestControllerTest.java. Using fallback presentation compiler.[0m
2026.01.12 18:39:16 INFO  no build target found for C:\Users\szymo\repozytoria\AplikacjePrzemyslowe_DatingApp\dApp\src\test\java\AplikacjePrzeyslowe\dApp\controller\rest\UserRestControllerTest.java. Using fallback presentation compiler.[0m
2026.01.12 18:39:16 INFO  no build target found for C:\Users\szymo\repozytoria\AplikacjePrzemyslowe_DatingApp\dApp\src\test\java\AplikacjePrzeyslowe\dApp\controller\rest\UserRestControllerTest.java. Using fallback presentation compiler.[0m
2026.01.12 18:39:16 INFO  no build target found for C:\Users\szymo\repozytoria\AplikacjePrzemyslowe_DatingApp\dApp\src\test\java\AplikacjePrzeyslowe\dApp\controller\rest\UserRestControllerTest.java. Using fallback presentation compiler.[0m
2026.01.12 18:39:16 INFO  no build target found for C:\Users\szymo\repozytoria\AplikacjePrzemyslowe_DatingApp\dApp\src\test\java\AplikacjePrzeyslowe\dApp\controller\rest\UserRestControllerTest.java. Using fallback presentation compiler.[0m
2026.01.12 18:39:20 INFO  no build target found for C:\Users\szymo\repozytoria\AplikacjePrzemyslowe_DatingApp\dApp\src\test\java\AplikacjePrzeyslowe\dApp\controller\rest\UserRestControllerTest.java. Using fallback presentation compiler.[0m
2026.01.12 18:39:41 INFO  no build target found for C:\Users\szymo\repozytoria\AplikacjePrzemyslowe_DatingApp\dApp\src\test\java\AplikacjePrzeyslowe\dApp\controller\rest\UserRestControllerTest.java. Using fallback presentation compiler.[0m
2026.01.12 18:39:45 INFO  no build target found for C:\Users\szymo\repozytoria\AplikacjePrzemyslowe_DatingApp\dApp\src\test\java\AplikacjePrzeyslowe\dApp\controller\rest\UserRestControllerTest.java. Using fallback presentation compiler.[0m
2026.01.12 18:39:48 INFO  no build target found for C:\Users\szymo\repozytoria\AplikacjePrzemyslowe_DatingApp\dApp\src\test\java\AplikacjePrzeyslowe\dApp\controller\rest\UserRestControllerTest.java. Using fallback presentation compiler.[0m
2026.01.12 18:39:57 INFO  no build target found for C:\Users\szymo\repozytoria\AplikacjePrzemyslowe_DatingApp\dApp\src\test\java\AplikacjePrzeyslowe\dApp\controller\rest\UserRestControllerTest.java. Using fallback presentation compiler.[0m
2026.01.12 18:39:57 INFO  no build target found for C:\Users\szymo\repozytoria\AplikacjePrzemyslowe_DatingApp\dApp\src\test\java\AplikacjePrzeyslowe\dApp\controller\rest\UserRestControllerTest.java. Using fallback presentation compiler.[0m
2026.01.12 18:39:57 INFO  no build target found for C:\Users\szymo\repozytoria\AplikacjePrzemyslowe_DatingApp\dApp\src\test\java\AplikacjePrzeyslowe\dApp\controller\rest\UserRestControllerTest.java. Using fallback presentation compiler.[0m
2026.01.12 18:39:58 INFO  no build target found for C:\Users\szymo\repozytoria\AplikacjePrzemyslowe_DatingApp\dApp\src\test\java\AplikacjePrzeyslowe\dApp\controller\rest\UserRestControllerTest.java. Using fallback presentation compiler.[0m
2026.01.12 18:39:57 INFO  no build target found for C:\Users\szymo\repozytoria\AplikacjePrzemyslowe_DatingApp\dApp\src\test\java\AplikacjePrzeyslowe\dApp\controller\rest\UserRestControllerTest.java. Using fallback presentation compiler.[0m
2026.01.12 18:39:59 INFO  no build target found for C:\Users\szymo\repozytoria\AplikacjePrzemyslowe_DatingApp\dApp\src\test\java\AplikacjePrzeyslowe\dApp\controller\rest\UserRestControllerTest.java. Using fallback presentation compiler.[0m
2026.01.12 18:39:59 WARN  no build target for: C:\Users\szymo\repozytoria\AplikacjePrzemyslowe_DatingApp\dApp\src\test\java\AplikacjePrzeyslowe\dApp\controller\rest\UserRestControllerTest.java[0m
2026.01.12 18:39:59 INFO  no build target found for C:\Users\szymo\repozytoria\AplikacjePrzemyslowe_DatingApp\dApp\src\test\java\AplikacjePrzeyslowe\dApp\controller\rest\UserRestControllerTest.java. Using fallback presentation compiler.[0m
2026.01.12 18:40:00 INFO  no build target found for C:\Users\szymo\repozytoria\AplikacjePrzemyslowe_DatingApp\dApp\src\test\java\AplikacjePrzeyslowe\dApp\controller\rest\UserRestControllerTest.java. Using fallback presentation compiler.[0m
2026.01.12 18:40:15 INFO  no build target found for C:\Users\szymo\repozytoria\AplikacjePrzemyslowe_DatingApp\dApp\src\test\java\AplikacjePrzeyslowe\dApp\controller\rest\UserRestControllerTest.java. Using fallback presentation compiler.[0m
2026.01.12 18:40:23 INFO  no build target found for C:\Users\szymo\repozytoria\AplikacjePrzemyslowe_DatingApp\dApp\src\test\java\AplikacjePrzeyslowe\dApp\controller\rest\UserRestControllerTest.java. Using fallback presentation compiler.[0m
2026.01.12 18:40:23 INFO  no build target found for C:\Users\szymo\repozytoria\AplikacjePrzemyslowe_DatingApp\dApp\src\test\java\AplikacjePrzeyslowe\dApp\controller\rest\UserRestControllerTest.java. Using fallback presentation compiler.[0m
2026.01.12 18:40:24 INFO  no build target found for C:\Users\szymo\repozytoria\AplikacjePrzemyslowe_DatingApp\dApp\src\test\java\AplikacjePrzeyslowe\dApp\controller\rest\UserRestControllerTest.java. Using fallback presentation compiler.[0m
sty 12, 2026 6:40:31 PM org.eclipse.lsp4j.jsonrpc.RemoteEndpoint handleNotification
WARNING: Notification threw an exception: {
  "jsonrpc": "2.0",
  "method": "metals/didFocusTextDocument",
  "params": [
    "vscode-chat-code-block://dnnjb2rllwnoyxqtc2vzc2lvbjovl2xvy2fsl1pustnavfkztlrrde5xwtvzatawtvrrmuxxrxhavgd0t1rjelkywtrzek00t1rrmq/response_192c2616-0e9d-4d16-bcdb-45f749fc5012/2#%7B%22references%22%3A%5B%7B%22uri%22%3A%7B%22%24mid%22%3A1%2C%22fsPath%22%3A%22c%3A%5C%5CUsers%5C%5Cszymo%5C%5Crepozytoria%5C%5CAplikacjePrzemyslowe_DatingApp%5C%5CdApp%5C%5Csrc%5C%5Ctest%5C%5Cjava%5C%5CAplikacjePrzeyslowe%5C%5CdApp%5C%5Ccontroller%5C%5Crest%5C%5CUserRestControllerTest.java%22%2C%22_sep%22%3A1%2C%22external%22%3A%22file%3A%2F%2F%2Fc%253A%2FUsers%2Fszymo%2Frepozytoria%2FAplikacjePrzemyslowe_DatingApp%2FdApp%2Fsrc%2Ftest%2Fjava%2FAplikacjePrzeyslowe%2FdApp%2Fcontroller%2Frest%2FUserRestControllerTest.java%22%2C%22path%22%3A%22%2FC%3A%2FUsers%2Fszymo%2Frepozytoria%2FAplikacjePrzemyslowe_DatingApp%2FdApp%2Fsrc%2Ftest%2Fjava%2FAplikacjePrzeyslowe%2FdApp%2Fcontroller%2Frest%2FUserRestControllerTest.java%22%2C%22scheme%22%3A%22file%22%7D%7D%2C%7B%22uri%22%3A%7B%22%24mid%22%3A1%2C%22fsPath%22%3A%22c%3A%5C%5CUsers%5C%5Cszymo%5C%5Crepozytoria%5C%5CAplikacjePrzemyslowe_DatingApp%5C%5CdApp%5C%5Csrc%5C%5Ctest%5C%5Cjava%5C%5CAplikacjePrzeyslowe%5C%5CdApp%5C%5Cdao%5C%5CUserStatsDAOTest.java%22%2C%22_sep%22%3A1%2C%22external%22%3A%22file%3A%2F%2F%2Fc%253A%2FUsers%2Fszymo%2Frepozytoria%2FAplikacjePrzemyslowe_DatingApp%2FdApp%2Fsrc%2Ftest%2Fjava%2FAplikacjePrzeyslowe%2FdApp%2Fdao%2FUserStatsDAOTest.java%22%2C%22path%22%3A%22%2Fc%3A%2FUsers%2Fszymo%2Frepozytoria%2FAplikacjePrzemyslowe_DatingApp%2FdApp%2Fsrc%2Ftest%2Fjava%2FAplikacjePrzeyslowe%2FdApp%2Fdao%2FUserStatsDAOTest.java%22%2C%22scheme%22%3A%22file%22%7D%7D%2C%7B%22uri%22%3A%7B%22%24mid%22%3A1%2C%22fsPath%22%3A%22c%3A%5C%5CUsers%5C%5Cszymo%5C%5Crepozytoria%5C%5CAplikacjePrzemyslowe_DatingApp%5C%5CdApp%5C%5Csrc%5C%5Ctest%5C%5Cjava%5C%5CAplikacjePrzeyslowe%5C%5CdApp%5C%5Cintegration%5C%5CDatingAppIntegrationTest.java%22%2C%22_sep%22%3A1%2C%22external%22%3A%22file%3A%2F%2F%2Fc%253A%2FUsers%2Fszymo%2Frepozytoria%2FAplikacjePrzemyslowe_DatingApp%2FdApp%2Fsrc%2Ftest%2Fjava%2FAplikacjePrzeyslowe%2FdApp%2Fintegration%2FDatingAppIntegrationTest.java%22%2C%22path%22%3A%22%2Fc%3A%2FUsers%2Fszymo%2Frepozytoria%2FAplikacjePrzemyslowe_DatingApp%2FdApp%2Fsrc%2Ftest%2Fjava%2FAplikacjePrzeyslowe%2FdApp%2Fintegration%2FDatingAppIntegrationTest.java%22%2C%22scheme%22%3A%22file%22%7D%7D%2C%7B%22uri%22%3A%7B%22%24mid%22%3A1%2C%22fsPath%22%3A%22c%3A%5C%5CUsers%5C%5Cszymo%5C%5Crepozytoria%5C%5CAplikacjePrzemyslowe_DatingApp%5C%5CdApp%5C%5Csrc%5C%5Ctest%5C%5Cjava%5C%5CAplikacjePrzeyslowe%5C%5CdApp%5C%5Crepository%5C%5CLikeRepositoryTest.java%22%2C%22_sep%22%3A1%2C%22external%22%3A%22file%3A%2F%2F%2Fc%253A%2FUsers%2Fszymo%2Frepozytoria%2FAplikacjePrzemyslowe_DatingApp%2FdApp%2Fsrc%2Ftest%2Fjava%2FAplikacjePrzeyslowe%2FdApp%2Frepository%2FLikeRepositoryTest.java%22%2C%22path%22%3A%22%2Fc%3A%2FUsers%2Fszymo%2Frepozytoria%2FAplikacjePrzemyslowe_DatingApp%2FdApp%2Fsrc%2Ftest%2Fjava%2FAplikacjePrzeyslowe%2FdApp%2Frepository%2FLikeRepositoryTest.java%22%2C%22scheme%22%3A%22file%22%7D%7D%2C%7B%22uri%22%3A%7B%22%24mid%22%3A1%2C%22fsPath%22%3A%22c%3A%5C%5CUsers%5C%5Cszymo%5C%5Crepozytoria%5C%5CAplikacjePrzemyslowe_DatingApp%5C%5CdApp%5C%5Csrc%5C%5Ctest%5C%5Cjava%5C%5CAplikacjePrzeyslowe%5C%5CdApp%5C%5Crepository%5C%5CUserRepositoryTest.java%22%2C%22_sep%22%3A1%2C%22external%22%3A%22file%3A%2F%2F%2Fc%253A%2FUsers%2Fszymo%2Frepozytoria%2FAplikacjePrzemyslowe_DatingApp%2FdApp%2Fsrc%2Ftest%2Fjava%2FAplikacjePrzeyslowe%2FdApp%2Frepository%2FUserRepositoryTest.java%22%2C%22path%22%3A%22%2Fc%3A%2FUsers%2Fszymo%2Frepozytoria%2FAplikacjePrzemyslowe_DatingApp%2FdApp%2Fsrc%2Ftest%2Fjava%2FAplikacjePrzeyslowe%2FdApp%2Frepository%2FUserRepositoryTest.java%22%2C%22scheme%22%3A%22file%22%7D%7D%5D%7D"
  ]
}
java.nio.file.FileSystemNotFoundException: Provider "vscode-chat-code-block" not installed
	at java.base/java.nio.file.Path.of(Path.java:213)
	at java.base/java.nio.file.Paths.get(Paths.java:98)
	at scala.meta.internal.mtags.MtagsEnrichments$XtensionURIMtags.toAbsolutePath(MtagsEnrichments.scala:149)
	at scala.meta.internal.mtags.MtagsEnrichments$XtensionStringMtags.toAbsolutePath(MtagsEnrichments.scala:209)
	at scala.meta.internal.metals.MetalsEnrichments$XtensionString.toAbsolutePath(MetalsEnrichments.scala:778)
	at scala.meta.internal.metals.MetalsEnrichments$XtensionString.toAbsolutePath(MetalsEnrichments.scala:775)
	at scala.meta.internal.metals.WorkspaceLspService.didFocus(WorkspaceLspService.scala:789)
	at scala.meta.metals.lsp.DelegatingScalaService.didFocus(DelegatingScalaService.scala:42)
	at java.base/jdk.internal.reflect.DirectMethodHandleAccessor.invoke(DirectMethodHandleAccessor.java:103)
	at java.base/java.lang.reflect.Method.invoke(Method.java:580)
	at org.eclipse.lsp4j.jsonrpc.services.GenericEndpoint.lambda$recursiveFindRpcMethods$0(GenericEndpoint.java:65)
	at org.eclipse.lsp4j.jsonrpc.services.GenericEndpoint.notify(GenericEndpoint.java:160)
	at org.eclipse.lsp4j.jsonrpc.RemoteEndpoint.handleNotification(RemoteEndpoint.java:231)
	at org.eclipse.lsp4j.jsonrpc.RemoteEndpoint.consume(RemoteEndpoint.java:198)
	at org.eclipse.lsp4j.jsonrpc.json.StreamMessageProducer.handleMessage(StreamMessageProducer.java:185)
	at org.eclipse.lsp4j.jsonrpc.json.StreamMessageProducer.listen(StreamMessageProducer.java:97)
	at org.eclipse.lsp4j.jsonrpc.json.ConcurrentMessageProcessor.run(ConcurrentMessageProcessor.java:114)
	at java.base/java.util.concurrent.Executors$RunnableAdapter.call(Executors.java:572)
	at java.base/java.util.concurrent.FutureTask.run(FutureTask.java:317)
	at java.base/java.util.concurrent.ThreadPoolExecutor.runWorker(ThreadPoolExecutor.java:1144)
	at java.base/java.util.concurrent.ThreadPoolExecutor$Worker.run(ThreadPoolExecutor.java:642)
	at java.base/java.lang.Thread.run(Thread.java:1583)

2026.01.12 18:40:35 WARN  no build target for: C:\Users\szymo\repozytoria\AplikacjePrzemyslowe_DatingApp\dApp\src\test\java\AplikacjePrzeyslowe\dApp\controller\rest\UserRestControllerTest.java[0m
2026.01.12 18:40:35 INFO  no build target found for C:\Users\szymo\repozytoria\AplikacjePrzemyslowe_DatingApp\dApp\src\test\java\AplikacjePrzeyslowe\dApp\controller\rest\UserRestControllerTest.java. Using fallback presentation compiler.[0m
2026.01.12 18:40:35 INFO  no build target found for C:\Users\szymo\repozytoria\AplikacjePrzemyslowe_DatingApp\dApp\src\test\java\AplikacjePrzeyslowe\dApp\controller\rest\UserRestControllerTest.java. Using fallback presentation compiler.[0m
2026.01.12 18:40:35 INFO  no build target found for C:\Users\szymo\repozytoria\AplikacjePrzemyslowe_DatingApp\dApp\src\test\java\AplikacjePrzeyslowe\dApp\controller\rest\UserRestControllerTest.java. Using fallback presentation compiler.[0m
2026.01.12 18:40:37 INFO  no build target found for C:\Users\szymo\repozytoria\AplikacjePrzemyslowe_DatingApp\dApp\src\test\java\AplikacjePrzeyslowe\dApp\controller\rest\UserRestControllerTest.java. Using fallback presentation compiler.[0m
2026.01.12 18:40:37 INFO  no build target found for C:\Users\szymo\repozytoria\AplikacjePrzemyslowe_DatingApp\dApp\src\test\java\AplikacjePrzeyslowe\dApp\controller\rest\UserRestControllerTest.java. Using fallback presentation compiler.[0m
2026.01.12 18:40:37 INFO  no build target found for C:\Users\szymo\repozytoria\AplikacjePrzemyslowe_DatingApp\dApp\src\test\java\AplikacjePrzeyslowe\dApp\controller\rest\UserRestControllerTest.java. Using fallback presentation compiler.[0m
2026.01.12 18:40:38 INFO  no build target found for C:\Users\szymo\repozytoria\AplikacjePrzemyslowe_DatingApp\dApp\src\test\java\AplikacjePrzeyslowe\dApp\controller\rest\UserRestControllerTest.java. Using fallback presentation compiler.[0m
2026.01.12 18:40:38 INFO  no build target found for C:\Users\szymo\repozytoria\AplikacjePrzemyslowe_DatingApp\dApp\src\test\java\AplikacjePrzeyslowe\dApp\controller\rest\UserRestControllerTest.java. Using fallback presentation compiler.[0m
2026.01.12 18:40:41 INFO  no build target found for C:\Users\szymo\repozytoria\AplikacjePrzemyslowe_DatingApp\dApp\src\test\java\AplikacjePrzeyslowe\dApp\controller\rest\UserRestControllerTest.java. Using fallback presentation compiler.[0m
2026.01.12 18:40:45 INFO  no build target found for C:\Users\szymo\repozytoria\AplikacjePrzemyslowe_DatingApp\dApp\src\test\java\AplikacjePrzeyslowe\dApp\controller\rest\UserRestControllerTest.java. Using fallback presentation compiler.[0m
2026.01.12 18:40:45 INFO  no build target found for C:\Users\szymo\repozytoria\AplikacjePrzemyslowe_DatingApp\dApp\src\test\java\AplikacjePrzeyslowe\dApp\controller\rest\UserRestControllerTest.java. Using fallback presentation compiler.[0m
2026.01.12 18:40:46 WARN  no build target for: C:\Users\szymo\repozytoria\AplikacjePrzemyslowe_DatingApp\dApp\src\test\java\AplikacjePrzeyslowe\dApp\controller\rest\UserRestControllerTest.java[0m
2026.01.12 18:40:47 INFO  no build target found for C:\Users\szymo\repozytoria\AplikacjePrzemyslowe_DatingApp\dApp\src\test\java\AplikacjePrzeyslowe\dApp\controller\rest\UserRestControllerTest.java. Using fallback presentation compiler.[0m
2026.01.12 18:40:48 INFO  no build target found for C:\Users\szymo\repozytoria\AplikacjePrzemyslowe_DatingApp\dApp\src\test\java\AplikacjePrzeyslowe\dApp\controller\rest\UserRestControllerTest.java. Using fallback presentation compiler.[0m
2026.01.12 18:40:53 INFO  no build target found for C:\Users\szymo\repozytoria\AplikacjePrzemyslowe_DatingApp\dApp\src\test\java\AplikacjePrzeyslowe\dApp\controller\rest\UserRestControllerTest.java. Using fallback presentation compiler.[0m
2026.01.12 18:40:54 INFO  no build target found for C:\Users\szymo\repozytoria\AplikacjePrzemyslowe_DatingApp\dApp\src\test\java\AplikacjePrzeyslowe\dApp\controller\rest\UserRestControllerTest.java. Using fallback presentation compiler.[0m
2026.01.12 18:40:56 INFO  no build target found for C:\Users\szymo\repozytoria\AplikacjePrzemyslowe_DatingApp\dApp\src\test\java\AplikacjePrzeyslowe\dApp\controller\rest\UserRestControllerTest.java. Using fallback presentation compiler.[0m
2026.01.12 18:40:56 INFO  no build target found for C:\Users\szymo\repozytoria\AplikacjePrzemyslowe_DatingApp\dApp\src\test\java\AplikacjePrzeyslowe\dApp\controller\rest\UserRestControllerTest.java. Using fallback presentation compiler.[0m
sty 12, 2026 6:40:56 PM org.eclipse.lsp4j.jsonrpc.RemoteEndpoint handleCancellation
WARNING: Unmatched cancel notification for request id 122
2026.01.12 18:40:56 INFO  no build target found for C:\Users\szymo\repozytoria\AplikacjePrzemyslowe_DatingApp\dApp\src\test\java\AplikacjePrzeyslowe\dApp\controller\rest\UserRestControllerTest.java. Using fallback presentation compiler.[0m
sty 12, 2026 6:40:56 PM org.eclipse.lsp4j.jsonrpc.RemoteEndpoint handleCancellation
WARNING: Unmatched cancel notification for request id 123
2026.01.12 18:40:56 INFO  no build target found for C:\Users\szymo\repozytoria\AplikacjePrzemyslowe_DatingApp\dApp\src\test\java\AplikacjePrzeyslowe\dApp\controller\rest\UserRestControllerTest.java. Using fallback presentation compiler.[0m
2026.01.12 18:40:57 INFO  no build target found for C:\Users\szymo\repozytoria\AplikacjePrzemyslowe_DatingApp\dApp\src\test\java\AplikacjePrzeyslowe\dApp\controller\rest\UserRestControllerTest.java. Using fallback presentation compiler.[0m
2026.01.12 18:40:57 INFO  no build target found for C:\Users\szymo\repozytoria\AplikacjePrzemyslowe_DatingApp\dApp\src\test\java\AplikacjePrzeyslowe\dApp\controller\rest\UserRestControllerTest.java. Using fallback presentation compiler.[0m
2026.01.12 18:40:57 INFO  no build target found for C:\Users\szymo\repozytoria\AplikacjePrzemyslowe_DatingApp\dApp\src\test\java\AplikacjePrzeyslowe\dApp\controller\rest\UserRestControllerTest.java. Using fallback presentation compiler.[0m
2026.01.12 18:40:57 INFO  no build target found for C:\Users\szymo\repozytoria\AplikacjePrzemyslowe_DatingApp\dApp\src\test\java\AplikacjePrzeyslowe\dApp\controller\rest\UserRestControllerTest.java. Using fallback presentation compiler.[0m
2026.01.12 18:40:57 INFO  no build target found for C:\Users\szymo\repozytoria\AplikacjePrzemyslowe_DatingApp\dApp\src\test\java\AplikacjePrzeyslowe\dApp\controller\rest\UserRestControllerTest.java. Using fallback presentation compiler.[0m
2026.01.12 18:40:59 INFO  no build target found for C:\Users\szymo\repozytoria\AplikacjePrzemyslowe_DatingApp\dApp\src\test\java\AplikacjePrzeyslowe\dApp\controller\rest\UserRestControllerTest.java. Using fallback presentation compiler.[0m
2026.01.12 18:40:59 INFO  no build target found for C:\Users\szymo\repozytoria\AplikacjePrzemyslowe_DatingApp\dApp\src\test\java\AplikacjePrzeyslowe\dApp\controller\rest\UserRestControllerTest.java. Using fallback presentation compiler.[0m
2026.01.12 18:40:59 INFO  no build target found for C:\Users\szymo\repozytoria\AplikacjePrzemyslowe_DatingApp\dApp\src\test\java\AplikacjePrzeyslowe\dApp\controller\rest\UserRestControllerTest.java. Using fallback presentation compiler.[0m
2026.01.12 18:40:59 INFO  no build target found for C:\Users\szymo\repozytoria\AplikacjePrzemyslowe_DatingApp\dApp\src\test\java\AplikacjePrzeyslowe\dApp\controller\rest\UserRestControllerTest.java. Using fallback presentation compiler.[0m
2026.01.12 18:41:06 INFO  no build target found for C:\Users\szymo\repozytoria\AplikacjePrzemyslowe_DatingApp\dApp\src\test\java\AplikacjePrzeyslowe\dApp\controller\rest\UserRestControllerTest.java. Using fallback presentation compiler.[0m
2026.01.12 18:41:06 INFO  no build target found for C:\Users\szymo\repozytoria\AplikacjePrzemyslowe_DatingApp\dApp\src\test\java\AplikacjePrzeyslowe\dApp\controller\rest\UserRestControllerTest.java. Using fallback presentation compiler.[0m
2026.01.12 18:41:06 INFO  no build target found for C:\Users\szymo\repozytoria\AplikacjePrzemyslowe_DatingApp\dApp\src\test\java\AplikacjePrzeyslowe\dApp\controller\rest\UserRestControllerTest.java. Using fallback presentation compiler.[0m
2026.01.12 18:41:06 INFO  no build target found for C:\Users\szymo\repozytoria\AplikacjePrzemyslowe_DatingApp\dApp\src\test\java\AplikacjePrzeyslowe\dApp\controller\rest\UserRestControllerTest.java. Using fallback presentation compiler.[0m
sty 12, 2026 6:41:06 PM org.eclipse.lsp4j.jsonrpc.RemoteEndpoint handleCancellation
WARNING: Unmatched cancel notification for request id 157
2026.01.12 18:41:06 INFO  no build target found for C:\Users\szymo\repozytoria\AplikacjePrzemyslowe_DatingApp\dApp\src\test\java\AplikacjePrzeyslowe\dApp\controller\rest\UserRestControllerTest.java. Using fallback presentation compiler.[0m
2026.01.12 18:41:06 INFO  no build target found for C:\Users\szymo\repozytoria\AplikacjePrzemyslowe_DatingApp\dApp\src\test\java\AplikacjePrzeyslowe\dApp\dao\UserStatsDAOTest.java. Using fallback presentation compiler.[0m
2026.01.12 18:41:06 INFO  no build target found for C:\Users\szymo\repozytoria\AplikacjePrzemyslowe_DatingApp\dApp\src\test\java\AplikacjePrzeyslowe\dApp\controller\rest\UserRestControllerTest.java. Using fallback presentation compiler.[0m
2026.01.12 18:41:07 INFO  no build target found for C:\Users\szymo\repozytoria\AplikacjePrzemyslowe_DatingApp\dApp\src\test\java\AplikacjePrzeyslowe\dApp\controller\rest\UserRestControllerTest.java. Using fallback presentation compiler.[0m
2026.01.12 18:41:07 INFO  no build target found for C:\Users\szymo\repozytoria\AplikacjePrzemyslowe_DatingApp\dApp\src\test\java\AplikacjePrzeyslowe\dApp\controller\rest\UserRestControllerTest.java. Using fallback presentation compiler.[0m
2026.01.12 18:41:07 INFO  no build target found for C:\Users\szymo\repozytoria\AplikacjePrzemyslowe_DatingApp\dApp\src\test\java\AplikacjePrzeyslowe\dApp\controller\rest\UserRestControllerTest.java. Using fallback presentation compiler.[0m
2026.01.12 18:41:10 INFO  no build target found for C:\Users\szymo\repozytoria\AplikacjePrzemyslowe_DatingApp\dApp\src\test\java\AplikacjePrzeyslowe\dApp\integration\DatingAppIntegrationTest.java. Using fallback presentation compiler.[0m
2026.01.12 18:41:18 INFO  no build target found for C:\Users\szymo\repozytoria\AplikacjePrzemyslowe_DatingApp\dApp\src\test\java\AplikacjePrzeyslowe\dApp\repository\LikeRepositoryTest.java. Using fallback presentation compiler.[0m
2026.01.12 18:41:20 INFO  no build target found for C:\Users\szymo\repozytoria\AplikacjePrzemyslowe_DatingApp\dApp\src\test\java\AplikacjePrzeyslowe\dApp\repository\UserRepositoryTest.java. Using fallback presentation compiler.[0m
2026.01.12 18:43:12 INFO  no build target found for C:\Users\szymo\repozytoria\AplikacjePrzemyslowe_DatingApp\dApp\src\test\java\AplikacjePrzeyslowe\dApp\controller\rest\UserRestControllerTest.java. Using fallback presentation compiler.[0m
2026.01.12 18:43:20 INFO  no build target found for C:\Users\szymo\repozytoria\AplikacjePrzemyslowe_DatingApp\dApp\src\test\java\AplikacjePrzeyslowe\dApp\controller\rest\UserRestControllerTest.java. Using fallback presentation compiler.[0m
2026.01.12 18:43:20 INFO  no build target found for C:\Users\szymo\repozytoria\AplikacjePrzemyslowe_DatingApp\dApp\src\test\java\AplikacjePrzeyslowe\dApp\controller\rest\UserRestControllerTest.java. Using fallback presentation compiler.[0m
2026.01.12 18:43:20 INFO  no build target found for C:\Users\szymo\repozytoria\AplikacjePrzemyslowe_DatingApp\dApp\src\test\java\AplikacjePrzeyslowe\dApp\controller\rest\UserRestControllerTest.java. Using fallback presentation compiler.[0m
2026.01.12 18:43:20 INFO  no build target found for C:\Users\szymo\repozytoria\AplikacjePrzemyslowe_DatingApp\dApp\src\test\java\AplikacjePrzeyslowe\dApp\controller\rest\UserRestControllerTest.java. Using fallback presentation compiler.[0m
2026.01.12 18:43:20 INFO  no build target found for C:\Users\szymo\repozytoria\AplikacjePrzemyslowe_DatingApp\dApp\src\test\java\AplikacjePrzeyslowe\dApp\controller\rest\UserRestControllerTest.java. Using fallback presentation compiler.[0m
sty 12, 2026 6:43:21 PM org.eclipse.lsp4j.jsonrpc.RemoteEndpoint handleCancellation
WARNING: Unmatched cancel notification for request id 175
2026.01.12 18:43:34 INFO  no build target found for C:\Users\szymo\repozytoria\AplikacjePrzemyslowe_DatingApp\dApp\src\test\java\AplikacjePrzeyslowe\dApp\controller\rest\UserRestControllerTest.java. Using fallback presentation compiler.[0m
2026.01.12 18:43:34 INFO  no build target found for C:\Users\szymo\repozytoria\AplikacjePrzemyslowe_DatingApp\dApp\src\test\java\AplikacjePrzeyslowe\dApp\controller\rest\UserRestControllerTest.java. Using fallback presentation compiler.[0m
2026.01.12 18:43:34 INFO  no build target found for C:\Users\szymo\repozytoria\AplikacjePrzemyslowe_DatingApp\dApp\src\test\java\AplikacjePrzeyslowe\dApp\controller\rest\UserRestControllerTest.java. Using fallback presentation compiler.[0m
2026.01.12 18:43:34 INFO  no build target found for C:\Users\szymo\repozytoria\AplikacjePrzemyslowe_DatingApp\dApp\src\test\java\AplikacjePrzeyslowe\dApp\controller\rest\UserRestControllerTest.java. Using fallback presentation compiler.[0m
2026.01.12 18:43:34 INFO  no build target found for C:\Users\szymo\repozytoria\AplikacjePrzemyslowe_DatingApp\dApp\src\test\java\AplikacjePrzeyslowe\dApp\controller\rest\UserRestControllerTest.java. Using fallback presentation compiler.[0m
2026.01.12 18:43:36 INFO  no build target found for C:\Users\szymo\repozytoria\AplikacjePrzemyslowe_DatingApp\dApp\src\test\java\AplikacjePrzeyslowe\dApp\controller\rest\UserRestControllerTest.java. Using fallback presentation compiler.[0m
2026.01.12 18:43:36 INFO  no build target found for C:\Users\szymo\repozytoria\AplikacjePrzemyslowe_DatingApp\dApp\src\test\java\AplikacjePrzeyslowe\dApp\controller\rest\UserRestControllerTest.java. Using fallback presentation compiler.[0m
2026.01.12 18:43:37 INFO  no build target found for C:\Users\szymo\repozytoria\AplikacjePrzemyslowe_DatingApp\dApp\src\test\java\AplikacjePrzeyslowe\dApp\controller\rest\UserRestControllerTest.java. Using fallback presentation compiler.[0m
2026.01.12 18:43:37 INFO  no build target found for C:\Users\szymo\repozytoria\AplikacjePrzemyslowe_DatingApp\dApp\src\test\java\AplikacjePrzeyslowe\dApp\controller\rest\UserRestControllerTest.java. Using fallback presentation compiler.[0m
2026.01.12 18:43:37 INFO  no build target found for C:\Users\szymo\repozytoria\AplikacjePrzemyslowe_DatingApp\dApp\src\test\java\AplikacjePrzeyslowe\dApp\controller\rest\UserRestControllerTest.java. Using fallback presentation compiler.[0m
sty 12, 2026 6:43:38 PM org.eclipse.lsp4j.jsonrpc.RemoteEndpoint handleCancellation
WARNING: Unmatched cancel notification for request id 194
2026.01.12 18:43:37 INFO  no build target found for C:\Users\szymo\repozytoria\AplikacjePrzemyslowe_DatingApp\dApp\src\test\java\AplikacjePrzeyslowe\dApp\controller\rest\UserRestControllerTest.java. Using fallback presentation compiler.[0m
2026.01.12 18:43:37 INFO  no build target found for C:\Users\szymo\repozytoria\AplikacjePrzemyslowe_DatingApp\dApp\src\test\java\AplikacjePrzeyslowe\dApp\controller\rest\UserRestControllerTest.java. Using fallback presentation compiler.[0m
2026.01.12 18:43:38 INFO  no build target found for C:\Users\szymo\repozytoria\AplikacjePrzemyslowe_DatingApp\dApp\src\test\java\AplikacjePrzeyslowe\dApp\controller\rest\UserRestControllerTest.java. Using fallback presentation compiler.[0m
2026.01.12 18:43:38 INFO  no build target found for C:\Users\szymo\repozytoria\AplikacjePrzemyslowe_DatingApp\dApp\src\test\java\AplikacjePrzeyslowe\dApp\controller\rest\UserRestControllerTest.java. Using fallback presentation compiler.[0m
2026.01.12 18:43:38 INFO  no build target found for C:\Users\szymo\repozytoria\AplikacjePrzemyslowe_DatingApp\dApp\src\test\java\AplikacjePrzeyslowe\dApp\controller\rest\UserRestControllerTest.java. Using fallback presentation compiler.[0m
2026.01.12 18:43:38 INFO  no build target found for C:\Users\szymo\repozytoria\AplikacjePrzemyslowe_DatingApp\dApp\src\test\java\AplikacjePrzeyslowe\dApp\controller\rest\UserRestControllerTest.java. Using fallback presentation compiler.[0m
2026.01.12 18:43:38 INFO  no build target found for C:\Users\szymo\repozytoria\AplikacjePrzemyslowe_DatingApp\dApp\src\test\java\AplikacjePrzeyslowe\dApp\controller\rest\UserRestControllerTest.java. Using fallback presentation compiler.[0m
2026.01.12 18:43:38 INFO  no build target found for C:\Users\szymo\repozytoria\AplikacjePrzemyslowe_DatingApp\dApp\src\test\java\AplikacjePrzeyslowe\dApp\controller\rest\UserRestControllerTest.java. Using fallback presentation compiler.[0m
2026.01.12 18:43:38 INFO  no build target found for C:\Users\szymo\repozytoria\AplikacjePrzemyslowe_DatingApp\dApp\src\test\java\AplikacjePrzeyslowe\dApp\controller\rest\UserRestControllerTest.java. Using fallback presentation compiler.[0m
2026.01.12 18:43:39 INFO  no build target found for C:\Users\szymo\repozytoria\AplikacjePrzemyslowe_DatingApp\dApp\src\test\java\AplikacjePrzeyslowe\dApp\controller\rest\UserRestControllerTest.java. Using fallback presentation compiler.[0m
2026.01.12 18:43:39 INFO  no build target found for C:\Users\szymo\repozytoria\AplikacjePrzemyslowe_DatingApp\dApp\src\test\java\AplikacjePrzeyslowe\dApp\controller\rest\UserRestControllerTest.java. Using fallback presentation compiler.[0m
sty 12, 2026 6:43:40 PM org.eclipse.lsp4j.jsonrpc.RemoteEndpoint handleCancellation
WARNING: Unmatched cancel notification for request id 204
2026.01.12 18:43:39 INFO  no build target found for C:\Users\szymo\repozytoria\AplikacjePrzemyslowe_DatingApp\dApp\src\test\java\AplikacjePrzeyslowe\dApp\controller\rest\UserRestControllerTest.java. Using fallback presentation compiler.[0m
sty 12, 2026 6:43:40 PM org.eclipse.lsp4j.jsonrpc.RemoteEndpoint handleCancellation
WARNING: Unmatched cancel notification for request id 205
2026.01.12 18:43:39 INFO  no build target found for C:\Users\szymo\repozytoria\AplikacjePrzemyslowe_DatingApp\dApp\src\test\java\AplikacjePrzeyslowe\dApp\controller\rest\UserRestControllerTest.java. Using fallback presentation compiler.[0m
2026.01.12 18:43:43 INFO  no build target found for C:\Users\szymo\repozytoria\AplikacjePrzemyslowe_DatingApp\dApp\src\test\java\AplikacjePrzeyslowe\dApp\controller\rest\UserRestControllerTest.java. Using fallback presentation compiler.[0m
2026.01.12 18:43:43 INFO  no build target found for C:\Users\szymo\repozytoria\AplikacjePrzemyslowe_DatingApp\dApp\src\test\java\AplikacjePrzeyslowe\dApp\controller\rest\UserRestControllerTest.java. Using fallback presentation compiler.[0m
2026.01.12 18:43:43 INFO  no build target found for C:\Users\szymo\repozytoria\AplikacjePrzemyslowe_DatingApp\dApp\src\test\java\AplikacjePrzeyslowe\dApp\controller\rest\UserRestControllerTest.java. Using fallback presentation compiler.[0m
2026.01.12 18:43:44 INFO  no build target found for C:\Users\szymo\repozytoria\AplikacjePrzemyslowe_DatingApp\dApp\src\test\java\AplikacjePrzeyslowe\dApp\controller\rest\UserRestControllerTest.java. Using fallback presentation compiler.[0m
2026.01.12 18:43:43 INFO  no build target found for C:\Users\szymo\repozytoria\AplikacjePrzemyslowe_DatingApp\dApp\src\test\java\AplikacjePrzeyslowe\dApp\controller\rest\UserRestControllerTest.java. Using fallback presentation compiler.[0m
2026.01.12 18:43:44 INFO  no build target found for C:\Users\szymo\repozytoria\AplikacjePrzemyslowe_DatingApp\dApp\src\test\java\AplikacjePrzeyslowe\dApp\controller\rest\UserRestControllerTest.java. Using fallback presentation compiler.[0m
2026.01.12 18:43:44 INFO  no build target found for C:\Users\szymo\repozytoria\AplikacjePrzemyslowe_DatingApp\dApp\src\test\java\AplikacjePrzeyslowe\dApp\controller\rest\UserRestControllerTest.java. Using fallback presentation compiler.[0m
2026.01.12 18:43:44 INFO  no build target found for C:\Users\szymo\repozytoria\AplikacjePrzemyslowe_DatingApp\dApp\src\test\java\AplikacjePrzeyslowe\dApp\controller\rest\UserRestControllerTest.java. Using fallback presentation compiler.[0m
sty 12, 2026 6:43:44 PM org.eclipse.lsp4j.jsonrpc.RemoteEndpoint handleCancellation
WARNING: Unmatched cancel notification for request id 218
2026.01.12 18:43:44 INFO  no build target found for C:\Users\szymo\repozytoria\AplikacjePrzemyslowe_DatingApp\dApp\src\test\java\AplikacjePrzeyslowe\dApp\controller\rest\UserRestControllerTest.java. Using fallback presentation compiler.[0m
2026.01.12 18:43:44 INFO  no build target found for C:\Users\szymo\repozytoria\AplikacjePrzemyslowe_DatingApp\dApp\src\test\java\AplikacjePrzeyslowe\dApp\controller\rest\UserRestControllerTest.java. Using fallback presentation compiler.[0m
2026.01.12 18:43:47 INFO  no build target found for C:\Users\szymo\repozytoria\AplikacjePrzemyslowe_DatingApp\dApp\src\test\java\AplikacjePrzeyslowe\dApp\controller\rest\UserRestControllerTest.java. Using fallback presentation compiler.[0m
2026.01.12 18:43:47 INFO  no build target found for C:\Users\szymo\repozytoria\AplikacjePrzemyslowe_DatingApp\dApp\src\test\java\AplikacjePrzeyslowe\dApp\controller\rest\UserRestControllerTest.java. Using fallback presentation compiler.[0m
2026.01.12 18:43:47 INFO  no build target found for C:\Users\szymo\repozytoria\AplikacjePrzemyslowe_DatingApp\dApp\src\test\java\AplikacjePrzeyslowe\dApp\controller\rest\UserRestControllerTest.java. Using fallback presentation compiler.[0m
2026.01.12 18:43:47 INFO  no build target found for C:\Users\szymo\repozytoria\AplikacjePrzemyslowe_DatingApp\dApp\src\test\java\AplikacjePrzeyslowe\dApp\controller\rest\UserRestControllerTest.java. Using fallback presentation compiler.[0m
2026.01.12 18:43:47 INFO  no build target found for C:\Users\szymo\repozytoria\AplikacjePrzemyslowe_DatingApp\dApp\src\test\java\AplikacjePrzeyslowe\dApp\controller\rest\UserRestControllerTest.java. Using fallback presentation compiler.[0m
sty 12, 2026 6:43:47 PM org.eclipse.lsp4j.jsonrpc.RemoteEndpoint handleCancellation
WARNING: Unmatched cancel notification for request id 229
2026.01.12 18:43:47 INFO  no build target found for C:\Users\szymo\repozytoria\AplikacjePrzemyslowe_DatingApp\dApp\src\test\java\AplikacjePrzeyslowe\dApp\controller\rest\UserRestControllerTest.java. Using fallback presentation compiler.[0m
2026.01.12 18:43:50 INFO  no build target found for C:\Users\szymo\repozytoria\AplikacjePrzemyslowe_DatingApp\dApp\src\test\java\AplikacjePrzeyslowe\dApp\controller\rest\UserRestControllerTest.java. Using fallback presentation compiler.[0m
2026.01.12 18:43:50 INFO  no build target found for C:\Users\szymo\repozytoria\AplikacjePrzemyslowe_DatingApp\dApp\src\test\java\AplikacjePrzeyslowe\dApp\controller\rest\UserRestControllerTest.java. Using fallback presentation compiler.[0m
2026.01.12 18:43:52 WARN  no build target for: C:\Users\szymo\repozytoria\AplikacjePrzemyslowe_DatingApp\dApp\src\test\java\AplikacjePrzeyslowe\dApp\controller\rest\WebMvcTest.java[0m
2026.01.12 18:43:52 INFO  no build target found for C:\Users\szymo\repozytoria\AplikacjePrzemyslowe_DatingApp\dApp\src\test\java\AplikacjePrzeyslowe\dApp\controller\rest\WebMvcTest.java. Using fallback presentation compiler.[0m
2026.01.12 18:43:52 INFO  no build target found for C:\Users\szymo\repozytoria\AplikacjePrzemyslowe_DatingApp\dApp\src\test\java\AplikacjePrzeyslowe\dApp\controller\rest\UserRestControllerTest.java. Using fallback presentation compiler.[0m
2026.01.12 18:43:52 WARN  Running javac-semanticdb failed for file:///C:/Users/szymo/repozytoria/AplikacjePrzemyslowe_DatingApp/dApp/src/test/java/AplikacjePrzeyslowe/dApp/controller/rest/WebMvcTest.java. Output:
[0m
2026.01.12 18:43:53 WARN  no build target for: C:\Users\szymo\repozytoria\AplikacjePrzemyslowe_DatingApp\dApp\src\test\java\AplikacjePrzeyslowe\dApp\controller\rest\WebMvcTest.java[0m
2026.01.12 18:43:54 INFO  no build target found for C:\Users\szymo\repozytoria\AplikacjePrzemyslowe_DatingApp\dApp\src\test\java\AplikacjePrzeyslowe\dApp\controller\rest\UserRestControllerTest.java. Using fallback presentation compiler.[0m
2026.01.12 18:43:54 INFO  no build target found for C:\Users\szymo\repozytoria\AplikacjePrzemyslowe_DatingApp\dApp\src\test\java\AplikacjePrzeyslowe\dApp\controller\rest\UserRestControllerTest.java. Using fallback presentation compiler.[0m
2026.01.12 18:43:54 INFO  no build target found for C:\Users\szymo\repozytoria\AplikacjePrzemyslowe_DatingApp\dApp\src\test\java\AplikacjePrzeyslowe\dApp\controller\rest\UserRestControllerTest.java. Using fallback presentation compiler.[0m
2026.01.12 18:43:54 INFO  no build target found for C:\Users\szymo\repozytoria\AplikacjePrzemyslowe_DatingApp\dApp\src\test\java\AplikacjePrzeyslowe\dApp\controller\rest\UserRestControllerTest.java. Using fallback presentation compiler.[0m
2026.01.12 18:43:55 INFO  no build target found for C:\Users\szymo\repozytoria\AplikacjePrzemyslowe_DatingApp\dApp\src\test\java\AplikacjePrzeyslowe\dApp\controller\rest\UserRestControllerTest.java. Using fallback presentation compiler.[0m
2026.01.12 18:43:57 WARN  no build target for: C:\Users\szymo\repozytoria\AplikacjePrzemyslowe_DatingApp\dApp\src\test\java\AplikacjePrzeyslowe\dApp\controller\rest\WebMvcTest.java[0m
2026.01.12 18:43:57 INFO  no build target found for C:\Users\szymo\repozytoria\AplikacjePrzemyslowe_DatingApp\dApp\src\test\java\AplikacjePrzeyslowe\dApp\controller\rest\WebMvcTest.java. Using fallback presentation compiler.[0m
2026.01.12 18:43:58 INFO  no build target found for C:\Users\szymo\repozytoria\AplikacjePrzemyslowe_DatingApp\dApp\src\test\java\AplikacjePrzeyslowe\dApp\controller\rest\WebMvcTest.java. Using fallback presentation compiler.[0m
2026.01.12 18:43:59 WARN  no build target for: C:\Users\szymo\repozytoria\AplikacjePrzemyslowe_DatingApp\dApp\src\test\java\AplikacjePrzeyslowe\dApp\controller\rest\UserRestControllerTest.java[0m
2026.01.12 18:43:59 INFO  no build target found for C:\Users\szymo\repozytoria\AplikacjePrzemyslowe_DatingApp\dApp\src\test\java\AplikacjePrzeyslowe\dApp\controller\rest\UserRestControllerTest.java. Using fallback presentation compiler.[0m
2026.01.12 18:44:00 INFO  no build target found for C:\Users\szymo\repozytoria\AplikacjePrzemyslowe_DatingApp\dApp\src\test\java\AplikacjePrzeyslowe\dApp\controller\rest\UserRestControllerTest.java. Using fallback presentation compiler.[0m
2026.01.12 18:43:59 INFO  no build target found for C:\Users\szymo\repozytoria\AplikacjePrzemyslowe_DatingApp\dApp\src\test\java\AplikacjePrzeyslowe\dApp\controller\rest\UserRestControllerTest.java. Using fallback presentation compiler.[0m
2026.01.12 18:43:59 INFO  no build target found for C:\Users\szymo\repozytoria\AplikacjePrzemyslowe_DatingApp\dApp\src\test\java\AplikacjePrzeyslowe\dApp\controller\rest\UserRestControllerTest.java. Using fallback presentation compiler.[0m
2026.01.12 18:44:01 INFO  no build target found for C:\Users\szymo\repozytoria\AplikacjePrzemyslowe_DatingApp\dApp\src\test\java\AplikacjePrzeyslowe\dApp\controller\rest\UserRestControllerTest.java. Using fallback presentation compiler.[0m
2026.01.12 18:44:01 INFO  no build target found for C:\Users\szymo\repozytoria\AplikacjePrzemyslowe_DatingApp\dApp\src\test\java\AplikacjePrzeyslowe\dApp\controller\rest\UserRestControllerTest.java. Using fallback presentation compiler.[0m
2026.01.12 18:44:02 INFO  no build target found for C:\Users\szymo\repozytoria\AplikacjePrzemyslowe_DatingApp\dApp\src\test\java\AplikacjePrzeyslowe\dApp\controller\rest\UserRestControllerTest.java. Using fallback presentation compiler.[0m
2026.01.12 18:44:02 INFO  no build target found for C:\Users\szymo\repozytoria\AplikacjePrzemyslowe_DatingApp\dApp\src\test\java\AplikacjePrzeyslowe\dApp\controller\rest\UserRestControllerTest.java. Using fallback presentation compiler.[0m
2026.01.12 18:44:02 INFO  no build target found for C:\Users\szymo\repozytoria\AplikacjePrzemyslowe_DatingApp\dApp\src\test\java\AplikacjePrzeyslowe\dApp\controller\rest\UserRestControllerTest.java. Using fallback presentation compiler.[0m
2026.01.12 18:44:04 INFO  no build target found for C:\Users\szymo\repozytoria\AplikacjePrzemyslowe_DatingApp\dApp\src\test\java\AplikacjePrzeyslowe\dApp\controller\rest\WebMvcTest.java. Using fallback presentation compiler.[0m
2026.01.12 18:44:04 INFO  no build target found for C:\Users\szymo\repozytoria\AplikacjePrzemyslowe_DatingApp\dApp\src\test\java\AplikacjePrzeyslowe\dApp\controller\rest\UserRestControllerTest.java. Using fallback presentation compiler.[0m
2026.01.12 18:44:04 INFO  no build target found for C:\Users\szymo\repozytoria\AplikacjePrzemyslowe_DatingApp\dApp\src\test\java\AplikacjePrzeyslowe\dApp\controller\rest\UserRestControllerTest.java. Using fallback presentation compiler.[0m
2026.01.12 18:44:09 INFO  no build target found for C:\Users\szymo\repozytoria\AplikacjePrzemyslowe_DatingApp\dApp\src\test\java\AplikacjePrzeyslowe\dApp\controller\rest\UserRestControllerTest.java. Using fallback presentation compiler.[0m
2026.01.12 18:44:09 INFO  no build target found for C:\Users\szymo\repozytoria\AplikacjePrzemyslowe_DatingApp\dApp\src\test\java\AplikacjePrzeyslowe\dApp\controller\rest\UserRestControllerTest.java. Using fallback presentation compiler.[0m
2026.01.12 18:44:14 WARN  no build target for: C:\Users\szymo\repozytoria\AplikacjePrzemyslowe_DatingApp\dApp\src\test\java\AplikacjePrzeyslowe\dApp\controller\rest\WebMvcTest.java[0m
2026.01.12 18:44:14 INFO  no build target found for C:\Users\szymo\repozytoria\AplikacjePrzemyslowe_DatingApp\dApp\src\test\java\AplikacjePrzeyslowe\dApp\controller\rest\WebMvcTest.java. Using fallback presentation compiler.[0m
2026.01.12 18:44:14 INFO  no build target found for C:\Users\szymo\repozytoria\AplikacjePrzemyslowe_DatingApp\dApp\src\test\java\AplikacjePrzeyslowe\dApp\controller\rest\WebMvcTest.java. Using fallback presentation compiler.[0m
2026.01.12 18:44:19 INFO  no build target found for C:\Users\szymo\repozytoria\AplikacjePrzemyslowe_DatingApp\dApp\src\test\java\AplikacjePrzeyslowe\dApp\controller\rest\UserRestControllerTest.java. Using fallback presentation compiler.[0m
2026.01.12 18:44:19 WARN  no build target for: C:\Users\szymo\repozytoria\AplikacjePrzemyslowe_DatingApp\dApp\src\test\java\AplikacjePrzeyslowe\dApp\controller\rest\UserRestControllerTest.java[0m
2026.01.12 18:44:19 INFO  no build target found for C:\Users\szymo\repozytoria\AplikacjePrzemyslowe_DatingApp\dApp\src\test\java\AplikacjePrzeyslowe\dApp\controller\rest\UserRestControllerTest.java. Using fallback presentation compiler.[0m
2026.01.12 18:44:19 INFO  no build target found for C:\Users\szymo\repozytoria\AplikacjePrzemyslowe_DatingApp\dApp\src\test\java\AplikacjePrzeyslowe\dApp\controller\rest\UserRestControllerTest.java. Using fallback presentation compiler.[0m
2026.01.12 18:44:20 WARN  no build target for: C:\Users\szymo\repozytoria\AplikacjePrzemyslowe_DatingApp\dApp\src\test\java\AplikacjePrzeyslowe\dApp\dao\UserStatsDAOTest.java[0m
2026.01.12 18:44:20 INFO  no build target found for C:\Users\szymo\repozytoria\AplikacjePrzemyslowe_DatingApp\dApp\src\test\java\AplikacjePrzeyslowe\dApp\dao\UserStatsDAOTest.java. Using fallback presentation compiler.[0m
2026.01.12 18:44:20 INFO  no build target found for C:\Users\szymo\repozytoria\AplikacjePrzemyslowe_DatingApp\dApp\src\test\java\AplikacjePrzeyslowe\dApp\dao\UserStatsDAOTest.java. Using fallback presentation compiler.[0m
2026.01.12 18:44:21 INFO  no build target found for C:\Users\szymo\repozytoria\AplikacjePrzemyslowe_DatingApp\dApp\src\test\java\AplikacjePrzeyslowe\dApp\dao\UserStatsDAOTest.java. Using fallback presentation compiler.[0m
2026.01.12 18:44:20 INFO  no build target found for C:\Users\szymo\repozytoria\AplikacjePrzemyslowe_DatingApp\dApp\src\test\java\AplikacjePrzeyslowe\dApp\dao\UserStatsDAOTest.java. Using fallback presentation compiler.[0m
2026.01.12 18:44:21 INFO  no build target found for C:\Users\szymo\repozytoria\AplikacjePrzemyslowe_DatingApp\dApp\src\test\java\AplikacjePrzeyslowe\dApp\dao\UserStatsDAOTest.java. Using fallback presentation compiler.[0m
2026.01.12 18:44:21 INFO  no build target found for C:\Users\szymo\repozytoria\AplikacjePrzemyslowe_DatingApp\dApp\src\test\java\AplikacjePrzeyslowe\dApp\dao\UserStatsDAOTest.java. Using fallback presentation compiler.[0m
2026.01.12 18:44:21 INFO  no build target found for C:\Users\szymo\repozytoria\AplikacjePrzemyslowe_DatingApp\dApp\src\test\java\AplikacjePrzeyslowe\dApp\dao\UserStatsDAOTest.java. Using fallback presentation compiler.[0m
2026.01.12 18:44:26 INFO  no build target found for C:\Users\szymo\repozytoria\AplikacjePrzemyslowe_DatingApp\dApp\src\test\java\AplikacjePrzeyslowe\dApp\dao\UserStatsDAOTest.java. Using fallback presentation compiler.[0m
2026.01.12 18:44:26 INFO  no build target found for C:\Users\szymo\repozytoria\AplikacjePrzemyslowe_DatingApp\dApp\src\test\java\AplikacjePrzeyslowe\dApp\dao\UserStatsDAOTest.java. Using fallback presentation compiler.[0m
2026.01.12 18:44:26 INFO  no build target found for C:\Users\szymo\repozytoria\AplikacjePrzemyslowe_DatingApp\dApp\src\test\java\AplikacjePrzeyslowe\dApp\dao\UserStatsDAOTest.java. Using fallback presentation compiler.[0m
2026.01.12 18:44:26 INFO  no build target found for C:\Users\szymo\repozytoria\AplikacjePrzemyslowe_DatingApp\dApp\src\test\java\AplikacjePrzeyslowe\dApp\dao\UserStatsDAOTest.java. Using fallback presentation compiler.[0m
2026.01.12 18:44:26 INFO  no build target found for C:\Users\szymo\repozytoria\AplikacjePrzemyslowe_DatingApp\dApp\src\test\java\AplikacjePrzeyslowe\dApp\dao\UserStatsDAOTest.java. Using fallback presentation compiler.[0m
2026.01.12 18:44:27 INFO  no build target found for C:\Users\szymo\repozytoria\AplikacjePrzemyslowe_DatingApp\dApp\src\test\java\AplikacjePrzeyslowe\dApp\dao\UserStatsDAOTest.java. Using fallback presentation compiler.[0m
2026.01.12 18:44:27 INFO  no build target found for C:\Users\szymo\repozytoria\AplikacjePrzemyslowe_DatingApp\dApp\src\test\java\AplikacjePrzeyslowe\dApp\dao\UserStatsDAOTest.java. Using fallback presentation compiler.[0m
2026.01.12 18:44:28 INFO  no build target found for C:\Users\szymo\repozytoria\AplikacjePrzemyslowe_DatingApp\dApp\src\test\java\AplikacjePrzeyslowe\dApp\dao\UserStatsDAOTest.java. Using fallback presentation compiler.[0m
2026.01.12 18:44:31 INFO  no build target found for C:\Users\szymo\repozytoria\AplikacjePrzemyslowe_DatingApp\dApp\src\test\java\AplikacjePrzeyslowe\dApp\dao\UserStatsDAOTest.java. Using fallback presentation compiler.[0m
2026.01.12 18:44:31 INFO  no build target found for C:\Users\szymo\repozytoria\AplikacjePrzemyslowe_DatingApp\dApp\src\test\java\AplikacjePrzeyslowe\dApp\dao\UserStatsDAOTest.java. Using fallback presentation compiler.[0m
2026.01.12 18:44:31 INFO  no build target found for C:\Users\szymo\repozytoria\AplikacjePrzemyslowe_DatingApp\dApp\src\test\java\AplikacjePrzeyslowe\dApp\dao\UserStatsDAOTest.java. Using fallback presentation compiler.[0m
2026.01.12 18:44:31 INFO  no build target found for C:\Users\szymo\repozytoria\AplikacjePrzemyslowe_DatingApp\dApp\src\test\java\AplikacjePrzeyslowe\dApp\dao\UserStatsDAOTest.java. Using fallback presentation compiler.[0m
2026.01.12 18:44:31 INFO  no build target found for C:\Users\szymo\repozytoria\AplikacjePrzemyslowe_DatingApp\dApp\src\test\java\AplikacjePrzeyslowe\dApp\dao\UserStatsDAOTest.java. Using fallback presentation compiler.[0m
2026.01.12 18:44:32 INFO  no build target found for C:\Users\szymo\repozytoria\AplikacjePrzemyslowe_DatingApp\dApp\src\test\java\AplikacjePrzeyslowe\dApp\dao\UserStatsDAOTest.java. Using fallback presentation compiler.[0m
2026.01.12 18:44:32 INFO  no build target found for C:\Users\szymo\repozytoria\AplikacjePrzemyslowe_DatingApp\dApp\src\test\java\AplikacjePrzeyslowe\dApp\dao\UserStatsDAOTest.java. Using fallback presentation compiler.[0m
2026.01.12 18:44:35 WARN  no build target for: C:\Users\szymo\repozytoria\AplikacjePrzemyslowe_DatingApp\dApp\src\test\java\AplikacjePrzeyslowe\dApp\integration\DatingAppIntegrationTest.java[0m
2026.01.12 18:44:35 INFO  no build target found for C:\Users\szymo\repozytoria\AplikacjePrzemyslowe_DatingApp\dApp\src\test\java\AplikacjePrzeyslowe\dApp\integration\DatingAppIntegrationTest.java. Using fallback presentation compiler.[0m
2026.01.12 18:44:36 INFO  no build target found for C:\Users\szymo\repozytoria\AplikacjePrzemyslowe_DatingApp\dApp\src\test\java\AplikacjePrzeyslowe\dApp\integration\DatingAppIntegrationTest.java. Using fallback presentation compiler.[0m
2026.01.12 18:44:36 INFO  no build target found for C:\Users\szymo\repozytoria\AplikacjePrzemyslowe_DatingApp\dApp\src\test\java\AplikacjePrzeyslowe\dApp\integration\DatingAppIntegrationTest.java. Using fallback presentation compiler.[0m
2026.01.12 18:44:35 INFO  no build target found for C:\Users\szymo\repozytoria\AplikacjePrzemyslowe_DatingApp\dApp\src\test\java\AplikacjePrzeyslowe\dApp\integration\DatingAppIntegrationTest.java. Using fallback presentation compiler.[0m
2026.01.12 18:44:37 INFO  no build target found for C:\Users\szymo\repozytoria\AplikacjePrzemyslowe_DatingApp\dApp\src\test\java\AplikacjePrzeyslowe\dApp\integration\DatingAppIntegrationTest.java. Using fallback presentation compiler.[0m
2026.01.12 18:44:37 INFO  no build target found for C:\Users\szymo\repozytoria\AplikacjePrzemyslowe_DatingApp\dApp\src\test\java\AplikacjePrzeyslowe\dApp\integration\DatingAppIntegrationTest.java. Using fallback presentation compiler.[0m
2026.01.12 18:44:38 INFO  no build target found for C:\Users\szymo\repozytoria\AplikacjePrzemyslowe_DatingApp\dApp\src\test\java\AplikacjePrzeyslowe\dApp\integration\DatingAppIntegrationTest.java. Using fallback presentation compiler.[0m
2026.01.12 18:44:38 INFO  no build target found for C:\Users\szymo\repozytoria\AplikacjePrzemyslowe_DatingApp\dApp\src\test\java\AplikacjePrzeyslowe\dApp\integration\DatingAppIntegrationTest.java. Using fallback presentation compiler.[0m
2026.01.12 18:44:38 INFO  no build target found for C:\Users\szymo\repozytoria\AplikacjePrzemyslowe_DatingApp\dApp\src\test\java\AplikacjePrzeyslowe\dApp\integration\DatingAppIntegrationTest.java. Using fallback presentation compiler.[0m
2026.01.12 18:44:38 INFO  no build target found for C:\Users\szymo\repozytoria\AplikacjePrzemyslowe_DatingApp\dApp\src\test\java\AplikacjePrzeyslowe\dApp\integration\DatingAppIntegrationTest.java. Using fallback presentation compiler.[0m
sty 12, 2026 6:44:38 PM org.eclipse.lsp4j.jsonrpc.RemoteEndpoint handleCancellation
WARNING: Unmatched cancel notification for request id 355
2026.01.12 18:44:38 INFO  no build target found for C:\Users\szymo\repozytoria\AplikacjePrzemyslowe_DatingApp\dApp\src\test\java\AplikacjePrzeyslowe\dApp\integration\DatingAppIntegrationTest.java. Using fallback presentation compiler.[0m
2026.01.12 18:44:38 INFO  no build target found for C:\Users\szymo\repozytoria\AplikacjePrzemyslowe_DatingApp\dApp\src\test\java\AplikacjePrzeyslowe\dApp\integration\DatingAppIntegrationTest.java. Using fallback presentation compiler.[0m
2026.01.12 18:44:38 INFO  no build target found for C:\Users\szymo\repozytoria\AplikacjePrzemyslowe_DatingApp\dApp\src\test\java\AplikacjePrzeyslowe\dApp\integration\DatingAppIntegrationTest.java. Using fallback presentation compiler.[0m
2026.01.12 18:44:38 INFO  no build target found for C:\Users\szymo\repozytoria\AplikacjePrzemyslowe_DatingApp\dApp\src\test\java\AplikacjePrzeyslowe\dApp\integration\DatingAppIntegrationTest.java. Using fallback presentation compiler.[0m
2026.01.12 18:44:38 INFO  no build target found for C:\Users\szymo\repozytoria\AplikacjePrzemyslowe_DatingApp\dApp\src\test\java\AplikacjePrzeyslowe\dApp\integration\DatingAppIntegrationTest.java. Using fallback presentation compiler.[0m
2026.01.12 18:44:41 INFO  no build target found for C:\Users\szymo\repozytoria\AplikacjePrzemyslowe_DatingApp\dApp\src\test\java\AplikacjePrzeyslowe\dApp\integration\DatingAppIntegrationTest.java. Using fallback presentation compiler.[0m
2026.01.12 18:44:41 INFO  no build target found for C:\Users\szymo\repozytoria\AplikacjePrzemyslowe_DatingApp\dApp\src\test\java\AplikacjePrzeyslowe\dApp\integration\DatingAppIntegrationTest.java. Using fallback presentation compiler.[0m
2026.01.12 18:44:41 INFO  no build target found for C:\Users\szymo\repozytoria\AplikacjePrzemyslowe_DatingApp\dApp\src\test\java\AplikacjePrzeyslowe\dApp\integration\DatingAppIntegrationTest.java. Using fallback presentation compiler.[0m
2026.01.12 18:44:41 INFO  no build target found for C:\Users\szymo\repozytoria\AplikacjePrzemyslowe_DatingApp\dApp\src\test\java\AplikacjePrzeyslowe\dApp\integration\DatingAppIntegrationTest.java. Using fallback presentation compiler.[0m
2026.01.12 18:44:41 INFO  no build target found for C:\Users\szymo\repozytoria\AplikacjePrzemyslowe_DatingApp\dApp\src\test\java\AplikacjePrzeyslowe\dApp\integration\DatingAppIntegrationTest.java. Using fallback presentation compiler.[0m
2026.01.12 18:44:41 INFO  no build target found for C:\Users\szymo\repozytoria\AplikacjePrzemyslowe_DatingApp\dApp\src\test\java\AplikacjePrzeyslowe\dApp\integration\DatingAppIntegrationTest.java. Using fallback presentation compiler.[0m
2026.01.12 18:44:42 INFO  no build target found for C:\Users\szymo\repozytoria\AplikacjePrzemyslowe_DatingApp\dApp\src\test\java\AplikacjePrzeyslowe\dApp\integration\DatingAppIntegrationTest.java. Using fallback presentation compiler.[0m
2026.01.12 18:44:42 INFO  no build target found for C:\Users\szymo\repozytoria\AplikacjePrzemyslowe_DatingApp\dApp\src\test\java\AplikacjePrzeyslowe\dApp\integration\DatingAppIntegrationTest.java. Using fallback presentation compiler.[0m
2026.01.12 18:44:42 INFO  no build target found for C:\Users\szymo\repozytoria\AplikacjePrzemyslowe_DatingApp\dApp\src\test\java\AplikacjePrzeyslowe\dApp\integration\DatingAppIntegrationTest.java. Using fallback presentation compiler.[0m
2026.01.12 18:44:42 INFO  no build target found for C:\Users\szymo\repozytoria\AplikacjePrzemyslowe_DatingApp\dApp\src\test\java\AplikacjePrzeyslowe\dApp\integration\DatingAppIntegrationTest.java. Using fallback presentation compiler.[0m
2026.01.12 18:44:42 INFO  no build target found for C:\Users\szymo\repozytoria\AplikacjePrzemyslowe_DatingApp\dApp\src\test\java\AplikacjePrzeyslowe\dApp\integration\DatingAppIntegrationTest.java. Using fallback presentation compiler.[0m
2026.01.12 18:44:42 INFO  no build target found for C:\Users\szymo\repozytoria\AplikacjePrzemyslowe_DatingApp\dApp\src\test\java\AplikacjePrzeyslowe\dApp\integration\DatingAppIntegrationTest.java. Using fallback presentation compiler.[0m
2026.01.12 18:44:42 INFO  no build target found for C:\Users\szymo\repozytoria\AplikacjePrzemyslowe_DatingApp\dApp\src\test\java\AplikacjePrzeyslowe\dApp\integration\DatingAppIntegrationTest.java. Using fallback presentation compiler.[0m
2026.01.12 18:44:43 INFO  no build target found for C:\Users\szymo\repozytoria\AplikacjePrzemyslowe_DatingApp\dApp\src\test\java\AplikacjePrzeyslowe\dApp\integration\DatingAppIntegrationTest.java. Using fallback presentation compiler.[0m
2026.01.12 18:44:51 INFO  no build target found for C:\Users\szymo\repozytoria\AplikacjePrzemyslowe_DatingApp\dApp\src\test\java\AplikacjePrzeyslowe\dApp\integration\DatingAppIntegrationTest.java. Using fallback presentation compiler.[0m
2026.01.12 18:44:51 INFO  no build target found for C:\Users\szymo\repozytoria\AplikacjePrzemyslowe_DatingApp\dApp\src\test\java\AplikacjePrzeyslowe\dApp\integration\DatingAppIntegrationTest.java. Using fallback presentation compiler.[0m
2026.01.12 18:44:51 INFO  no build target found for C:\Users\szymo\repozytoria\AplikacjePrzemyslowe_DatingApp\dApp\src\test\java\AplikacjePrzeyslowe\dApp\integration\DatingAppIntegrationTest.java. Using fallback presentation compiler.[0m
2026.01.12 18:44:51 INFO  no build target found for C:\Users\szymo\repozytoria\AplikacjePrzemyslowe_DatingApp\dApp\src\test\java\AplikacjePrzeyslowe\dApp\integration\DatingAppIntegrationTest.java. Using fallback presentation compiler.[0m
2026.01.12 18:44:51 INFO  no build target found for C:\Users\szymo\repozytoria\AplikacjePrzemyslowe_DatingApp\dApp\src\test\java\AplikacjePrzeyslowe\dApp\integration\DatingAppIntegrationTest.java. Using fallback presentation compiler.[0m
2026.01.12 18:44:52 INFO  no build target found for C:\Users\szymo\repozytoria\AplikacjePrzemyslowe_DatingApp\dApp\src\test\java\AplikacjePrzeyslowe\dApp\integration\DatingAppIntegrationTest.java. Using fallback presentation compiler.[0m
2026.01.12 18:44:57 WARN  no build target for: C:\Users\szymo\repozytoria\AplikacjePrzemyslowe_DatingApp\dApp\src\test\java\AplikacjePrzeyslowe\dApp\repository\LikeRepositoryTest.java[0m
2026.01.12 18:44:57 INFO  no build target found for C:\Users\szymo\repozytoria\AplikacjePrzemyslowe_DatingApp\dApp\src\test\java\AplikacjePrzeyslowe\dApp\repository\LikeRepositoryTest.java. Using fallback presentation compiler.[0m
2026.01.12 18:44:57 INFO  no build target found for C:\Users\szymo\repozytoria\AplikacjePrzemyslowe_DatingApp\dApp\src\test\java\AplikacjePrzeyslowe\dApp\repository\LikeRepositoryTest.java. Using fallback presentation compiler.[0m
2026.01.12 18:44:58 INFO  no build target found for C:\Users\szymo\repozytoria\AplikacjePrzemyslowe_DatingApp\dApp\src\test\java\AplikacjePrzeyslowe\dApp\repository\LikeRepositoryTest.java. Using fallback presentation compiler.[0m
2026.01.12 18:44:58 INFO  no build target found for C:\Users\szymo\repozytoria\AplikacjePrzemyslowe_DatingApp\dApp\src\test\java\AplikacjePrzeyslowe\dApp\repository\LikeRepositoryTest.java. Using fallback presentation compiler.[0m
2026.01.12 18:44:58 INFO  no build target found for C:\Users\szymo\repozytoria\AplikacjePrzemyslowe_DatingApp\dApp\src\test\java\AplikacjePrzeyslowe\dApp\repository\LikeRepositoryTest.java. Using fallback presentation compiler.[0m
2026.01.12 18:44:58 INFO  no build target found for C:\Users\szymo\repozytoria\AplikacjePrzemyslowe_DatingApp\dApp\src\test\java\AplikacjePrzeyslowe\dApp\repository\LikeRepositoryTest.java. Using fallback presentation compiler.[0m
2026.01.12 18:44:58 INFO  no build target found for C:\Users\szymo\repozytoria\AplikacjePrzemyslowe_DatingApp\dApp\src\test\java\AplikacjePrzeyslowe\dApp\repository\LikeRepositoryTest.java. Using fallback presentation compiler.[0m
2026.01.12 18:44:58 INFO  no build target found for C:\Users\szymo\repozytoria\AplikacjePrzemyslowe_DatingApp\dApp\src\test\java\AplikacjePrzeyslowe\dApp\repository\LikeRepositoryTest.java. Using fallback presentation compiler.[0m
2026.01.12 18:44:58 INFO  no build target found for C:\Users\szymo\repozytoria\AplikacjePrzemyslowe_DatingApp\dApp\src\test\java\AplikacjePrzeyslowe\dApp\repository\LikeRepositoryTest.java. Using fallback presentation compiler.[0m
sty 12, 2026 6:44:59 PM org.eclipse.lsp4j.jsonrpc.RemoteEndpoint handleCancellation
WARNING: Unmatched cancel notification for request id 406
2026.01.12 18:44:59 INFO  no build target found for C:\Users\szymo\repozytoria\AplikacjePrzemyslowe_DatingApp\dApp\src\test\java\AplikacjePrzeyslowe\dApp\repository\LikeRepositoryTest.java. Using fallback presentation compiler.[0m
2026.01.12 18:45:01 INFO  no build target found for C:\Users\szymo\repozytoria\AplikacjePrzemyslowe_DatingApp\dApp\src\test\java\AplikacjePrzeyslowe\dApp\repository\LikeRepositoryTest.java. Using fallback presentation compiler.[0m
2026.01.12 18:45:01 INFO  no build target found for C:\Users\szymo\repozytoria\AplikacjePrzemyslowe_DatingApp\dApp\src\test\java\AplikacjePrzeyslowe\dApp\repository\LikeRepositoryTest.java. Using fallback presentation compiler.[0m
2026.01.12 18:45:01 INFO  no build target found for C:\Users\szymo\repozytoria\AplikacjePrzemyslowe_DatingApp\dApp\src\test\java\AplikacjePrzeyslowe\dApp\repository\LikeRepositoryTest.java. Using fallback presentation compiler.[0m
2026.01.12 18:45:01 INFO  no build target found for C:\Users\szymo\repozytoria\AplikacjePrzemyslowe_DatingApp\dApp\src\test\java\AplikacjePrzeyslowe\dApp\repository\LikeRepositoryTest.java. Using fallback presentation compiler.[0m
2026.01.12 18:45:01 INFO  no build target found for C:\Users\szymo\repozytoria\AplikacjePrzemyslowe_DatingApp\dApp\src\test\java\AplikacjePrzeyslowe\dApp\repository\LikeRepositoryTest.java. Using fallback presentation compiler.[0m
2026.01.12 18:45:01 INFO  no build target found for C:\Users\szymo\repozytoria\AplikacjePrzemyslowe_DatingApp\dApp\src\test\java\AplikacjePrzeyslowe\dApp\repository\LikeRepositoryTest.java. Using fallback presentation compiler.[0m
2026.01.12 18:45:02 INFO  no build target found for C:\Users\szymo\repozytoria\AplikacjePrzemyslowe_DatingApp\dApp\src\test\java\AplikacjePrzeyslowe\dApp\repository\LikeRepositoryTest.java. Using fallback presentation compiler.[0m
2026.01.12 18:45:02 INFO  no build target found for C:\Users\szymo\repozytoria\AplikacjePrzemyslowe_DatingApp\dApp\src\test\java\AplikacjePrzeyslowe\dApp\repository\LikeRepositoryTest.java. Using fallback presentation compiler.[0m
2026.01.12 18:45:02 INFO  no build target found for C:\Users\szymo\repozytoria\AplikacjePrzemyslowe_DatingApp\dApp\src\test\java\AplikacjePrzeyslowe\dApp\repository\LikeRepositoryTest.java. Using fallback presentation compiler.[0m
2026.01.12 18:45:03 INFO  no build target found for C:\Users\szymo\repozytoria\AplikacjePrzemyslowe_DatingApp\dApp\src\test\java\AplikacjePrzeyslowe\dApp\repository\LikeRepositoryTest.java. Using fallback presentation compiler.[0m
2026.01.12 18:45:03 INFO  no build target found for C:\Users\szymo\repozytoria\AplikacjePrzemyslowe_DatingApp\dApp\src\test\java\AplikacjePrzeyslowe\dApp\repository\LikeRepositoryTest.java. Using fallback presentation compiler.[0m
2026.01.12 18:45:03 INFO  no build target found for C:\Users\szymo\repozytoria\AplikacjePrzemyslowe_DatingApp\dApp\src\test\java\AplikacjePrzeyslowe\dApp\repository\LikeRepositoryTest.java. Using fallback presentation compiler.[0m
2026.01.12 18:45:04 INFO  no build target found for C:\Users\szymo\repozytoria\AplikacjePrzemyslowe_DatingApp\dApp\src\test\java\AplikacjePrzeyslowe\dApp\repository\LikeRepositoryTest.java. Using fallback presentation compiler.[0m
2026.01.12 18:45:03 INFO  no build target found for C:\Users\szymo\repozytoria\AplikacjePrzemyslowe_DatingApp\dApp\src\test\java\AplikacjePrzeyslowe\dApp\repository\LikeRepositoryTest.java. Using fallback presentation compiler.[0m
2026.01.12 18:45:05 INFO  no build target found for C:\Users\szymo\repozytoria\AplikacjePrzemyslowe_DatingApp\dApp\src\test\java\AplikacjePrzeyslowe\dApp\repository\LikeRepositoryTest.java. Using fallback presentation compiler.[0m
2026.01.12 18:45:05 INFO  no build target found for C:\Users\szymo\repozytoria\AplikacjePrzemyslowe_DatingApp\dApp\src\test\java\AplikacjePrzeyslowe\dApp\repository\LikeRepositoryTest.java. Using fallback presentation compiler.[0m
2026.01.12 18:45:05 INFO  no build target found for C:\Users\szymo\repozytoria\AplikacjePrzemyslowe_DatingApp\dApp\src\test\java\AplikacjePrzeyslowe\dApp\repository\LikeRepositoryTest.java. Using fallback presentation compiler.[0m
sty 12, 2026 6:45:05 PM org.eclipse.lsp4j.jsonrpc.RemoteEndpoint handleCancellation
WARNING: Unmatched cancel notification for request id 432
2026.01.12 18:45:05 INFO  no build target found for C:\Users\szymo\repozytoria\AplikacjePrzemyslowe_DatingApp\dApp\src\test\java\AplikacjePrzeyslowe\dApp\repository\LikeRepositoryTest.java. Using fallback presentation compiler.[0m
2026.01.12 18:45:06 INFO  no build target found for C:\Users\szymo\repozytoria\AplikacjePrzemyslowe_DatingApp\dApp\src\test\java\AplikacjePrzeyslowe\dApp\repository\LikeRepositoryTest.java. Using fallback presentation compiler.[0m
2026.01.12 18:45:06 INFO  no build target found for C:\Users\szymo\repozytoria\AplikacjePrzemyslowe_DatingApp\dApp\src\test\java\AplikacjePrzeyslowe\dApp\repository\LikeRepositoryTest.java. Using fallback presentation compiler.[0m
2026.01.12 18:45:07 WARN  no build target for: C:\Users\szymo\repozytoria\AplikacjePrzemyslowe_DatingApp\dApp\src\test\java\AplikacjePrzeyslowe\dApp\repository\DataJpaTest.java[0m
2026.01.12 18:45:07 INFO  no build target found for C:\Users\szymo\repozytoria\AplikacjePrzemyslowe_DatingApp\dApp\src\test\java\AplikacjePrzeyslowe\dApp\repository\DataJpaTest.java. Using fallback presentation compiler.[0m
2026.01.12 18:45:07 INFO  no build target found for C:\Users\szymo\repozytoria\AplikacjePrzemyslowe_DatingApp\dApp\src\test\java\AplikacjePrzeyslowe\dApp\repository\LikeRepositoryTest.java. Using fallback presentation compiler.[0m
2026.01.12 18:45:07 WARN  Running javac-semanticdb failed for file:///C:/Users/szymo/repozytoria/AplikacjePrzemyslowe_DatingApp/dApp/src/test/java/AplikacjePrzeyslowe/dApp/repository/DataJpaTest.java. Output:
[0m
2026.01.12 18:45:08 WARN  no build target for: C:\Users\szymo\repozytoria\AplikacjePrzemyslowe_DatingApp\dApp\src\test\java\AplikacjePrzeyslowe\dApp\repository\DataJpaTest.java[0m
2026.01.12 18:45:08 INFO  no build target found for C:\Users\szymo\repozytoria\AplikacjePrzemyslowe_DatingApp\dApp\src\test\java\AplikacjePrzeyslowe\dApp\repository\LikeRepositoryTest.java. Using fallback presentation compiler.[0m
2026.01.12 18:45:09 INFO  no build target found for C:\Users\szymo\repozytoria\AplikacjePrzemyslowe_DatingApp\dApp\src\test\java\AplikacjePrzeyslowe\dApp\repository\LikeRepositoryTest.java. Using fallback presentation compiler.[0m
2026.01.12 18:45:08 INFO  no build target found for C:\Users\szymo\repozytoria\AplikacjePrzemyslowe_DatingApp\dApp\src\test\java\AplikacjePrzeyslowe\dApp\repository\LikeRepositoryTest.java. Using fallback presentation compiler.[0m
2026.01.12 18:45:08 INFO  no build target found for C:\Users\szymo\repozytoria\AplikacjePrzemyslowe_DatingApp\dApp\src\test\java\AplikacjePrzeyslowe\dApp\repository\LikeRepositoryTest.java. Using fallback presentation compiler.[0m
2026.01.12 18:45:10 INFO  no build target found for C:\Users\szymo\repozytoria\AplikacjePrzemyslowe_DatingApp\dApp\src\test\java\AplikacjePrzeyslowe\dApp\repository\LikeRepositoryTest.java. Using fallback presentation compiler.[0m
2026.01.12 18:45:10 INFO  no build target found for C:\Users\szymo\repozytoria\AplikacjePrzemyslowe_DatingApp\dApp\src\test\java\AplikacjePrzeyslowe\dApp\repository\LikeRepositoryTest.java. Using fallback presentation compiler.[0m
2026.01.12 18:45:10 INFO  no build target found for C:\Users\szymo\repozytoria\AplikacjePrzemyslowe_DatingApp\dApp\src\test\java\AplikacjePrzeyslowe\dApp\repository\LikeRepositoryTest.java. Using fallback presentation compiler.[0m
2026.01.12 18:45:10 INFO  no build target found for C:\Users\szymo\repozytoria\AplikacjePrzemyslowe_DatingApp\dApp\src\test\java\AplikacjePrzeyslowe\dApp\repository\LikeRepositoryTest.java. Using fallback presentation compiler.[0m
2026.01.12 18:45:10 INFO  no build target found for C:\Users\szymo\repozytoria\AplikacjePrzemyslowe_DatingApp\dApp\src\test\java\AplikacjePrzeyslowe\dApp\repository\LikeRepositoryTest.java. Using fallback presentation compiler.[0m
2026.01.12 18:45:11 INFO  no build target found for C:\Users\szymo\repozytoria\AplikacjePrzemyslowe_DatingApp\dApp\src\test\java\AplikacjePrzeyslowe\dApp\repository\LikeRepositoryTest.java. Using fallback presentation compiler.[0m
2026.01.12 18:45:11 INFO  no build target found for C:\Users\szymo\repozytoria\AplikacjePrzemyslowe_DatingApp\dApp\src\test\java\AplikacjePrzeyslowe\dApp\repository\LikeRepositoryTest.java. Using fallback presentation compiler.[0m
2026.01.12 18:45:12 INFO  no build target found for C:\Users\szymo\repozytoria\AplikacjePrzemyslowe_DatingApp\dApp\src\test\java\AplikacjePrzeyslowe\dApp\repository\LikeRepositoryTest.java. Using fallback presentation compiler.[0m
2026.01.12 18:45:12 INFO  no build target found for C:\Users\szymo\repozytoria\AplikacjePrzemyslowe_DatingApp\dApp\src\test\java\AplikacjePrzeyslowe\dApp\repository\LikeRepositoryTest.java. Using fallback presentation compiler.[0m
2026.01.12 18:45:12 INFO  no build target found for C:\Users\szymo\repozytoria\AplikacjePrzemyslowe_DatingApp\dApp\src\test\java\AplikacjePrzeyslowe\dApp\repository\LikeRepositoryTest.java. Using fallback presentation compiler.[0m
2026.01.12 18:45:12 INFO  no build target found for C:\Users\szymo\repozytoria\AplikacjePrzemyslowe_DatingApp\dApp\src\test\java\AplikacjePrzeyslowe\dApp\repository\LikeRepositoryTest.java. Using fallback presentation compiler.[0m
2026.01.12 18:45:14 INFO  no build target found for C:\Users\szymo\repozytoria\AplikacjePrzemyslowe_DatingApp\dApp\src\test\java\AplikacjePrzeyslowe\dApp\repository\LikeRepositoryTest.java. Using fallback presentation compiler.[0m
2026.01.12 18:45:20 INFO  no build target found for C:\Users\szymo\repozytoria\AplikacjePrzemyslowe_DatingApp\dApp\src\test\java\AplikacjePrzeyslowe\dApp\repository\LikeRepositoryTest.java. Using fallback presentation compiler.[0m
2026.01.12 18:45:25 WARN  no build target for: C:\Users\szymo\repozytoria\AplikacjePrzemyslowe_DatingApp\dApp\src\test\java\AplikacjePrzeyslowe\dApp\controller\rest\UserRestControllerTest.java[0m
2026.01.12 18:45:25 INFO  no build target found for C:\Users\szymo\repozytoria\AplikacjePrzemyslowe_DatingApp\dApp\src\test\java\AplikacjePrzeyslowe\dApp\controller\rest\UserRestControllerTest.java. Using fallback presentation compiler.[0m
2026.01.12 18:45:25 INFO  no build target found for C:\Users\szymo\repozytoria\AplikacjePrzemyslowe_DatingApp\dApp\src\test\java\AplikacjePrzeyslowe\dApp\controller\rest\UserRestControllerTest.java. Using fallback presentation compiler.[0m
2026.01.12 18:45:25 INFO  no build target found for C:\Users\szymo\repozytoria\AplikacjePrzemyslowe_DatingApp\dApp\src\test\java\AplikacjePrzeyslowe\dApp\controller\rest\UserRestControllerTest.java. Using fallback presentation compiler.[0m
2026.01.12 18:45:26 WARN  no build target for: C:\Users\szymo\repozytoria\AplikacjePrzemyslowe_DatingApp\dApp\src\test\java\AplikacjePrzeyslowe\dApp\controller\rest\WebMvcTest.java[0m
2026.01.12 18:45:25 INFO  no build target found for C:\Users\szymo\repozytoria\AplikacjePrzemyslowe_DatingApp\dApp\src\test\java\AplikacjePrzeyslowe\dApp\controller\rest\WebMvcTest.java. Using fallback presentation compiler.[0m
2026.01.12 18:45:26 INFO  no build target found for C:\Users\szymo\repozytoria\AplikacjePrzemyslowe_DatingApp\dApp\src\test\java\AplikacjePrzeyslowe\dApp\controller\rest\WebMvcTest.java. Using fallback presentation compiler.[0m
2026.01.12 18:45:27 WARN  no build target for: C:\Users\szymo\repozytoria\AplikacjePrzemyslowe_DatingApp\dApp\src\test\java\AplikacjePrzeyslowe\dApp\controller\rest\UserRestControllerTest.java[0m
2026.01.12 18:45:27 INFO  no build target found for C:\Users\szymo\repozytoria\AplikacjePrzemyslowe_DatingApp\dApp\src\test\java\AplikacjePrzeyslowe\dApp\controller\rest\UserRestControllerTest.java. Using fallback presentation compiler.[0m
2026.01.12 18:45:27 INFO  no build target found for C:\Users\szymo\repozytoria\AplikacjePrzemyslowe_DatingApp\dApp\src\test\java\AplikacjePrzeyslowe\dApp\controller\rest\UserRestControllerTest.java. Using fallback presentation compiler.[0m
2026.01.12 18:45:27 INFO  no build target found for C:\Users\szymo\repozytoria\AplikacjePrzemyslowe_DatingApp\dApp\src\test\java\AplikacjePrzeyslowe\dApp\controller\rest\UserRestControllerTest.java. Using fallback presentation compiler.[0m
2026.01.12 18:45:45 INFO  no build target found for C:\Users\szymo\repozytoria\AplikacjePrzemyslowe_DatingApp\dApp\src\test\java\AplikacjePrzeyslowe\dApp\controller\rest\UserRestControllerTest.java. Using fallback presentation compiler.[0m
2026.01.12 18:48:07 INFO  no build target found for C:\Users\szymo\repozytoria\AplikacjePrzemyslowe_DatingApp\dApp\src\test\java\AplikacjePrzeyslowe\dApp\repository\DataJpaTest.java. Using fallback presentation compiler.[0m
2026.01.12 18:48:45 INFO  no build target found for C:\Users\szymo\repozytoria\AplikacjePrzemyslowe_DatingApp\dApp\src\test\java\AplikacjePrzeyslowe\dApp\controller\rest\UserRestControllerTest.java. Using fallback presentation compiler.[0m
sty 12, 2026 6:49:14 PM org.eclipse.lsp4j.jsonrpc.services.GenericEndpoint notify
INFO: Unsupported notification method: $/setTrace
sty 12, 2026 6:49:15 PM org.eclipse.lsp4j.jsonrpc.RemoteEndpoint handleNotification
WARNING: Notification threw an exception: {
  "jsonrpc": "2.0",
  "method": "metals/didFocusTextDocument",
  "params": [
    "vscode-chat-code-block://dnnjb2rllwnoyxqtc2vzc2lvbjovl2xvy2fsl1pustnavfkztlrrde5xwtvzatawtvrrmuxxrxhavgd0t1rjelkywtrzek00t1rrmq/response_192c2616-0e9d-4d16-bcdb-45f749fc5012/2#%7B%22references%22%3A%5B%7B%22uri%22%3A%7B%22%24mid%22%3A1%2C%22fsPath%22%3A%22c%3A%5C%5CUsers%5C%5Cszymo%5C%5Crepozytoria%5C%5CAplikacjePrzemyslowe_DatingApp%5C%5CdApp%5C%5Csrc%5C%5Ctest%5C%5Cjava%5C%5CAplikacjePrzeyslowe%5C%5CdApp%5C%5Ccontroller%5C%5Crest%5C%5CUserRestControllerTest.java%22%2C%22_sep%22%3A1%2C%22external%22%3A%22file%3A%2F%2F%2Fc%253A%2FUsers%2Fszymo%2Frepozytoria%2FAplikacjePrzemyslowe_DatingApp%2FdApp%2Fsrc%2Ftest%2Fjava%2FAplikacjePrzeyslowe%2FdApp%2Fcontroller%2Frest%2FUserRestControllerTest.java%22%2C%22path%22%3A%22%2FC%3A%2FUsers%2Fszymo%2Frepozytoria%2FAplikacjePrzemyslowe_DatingApp%2FdApp%2Fsrc%2Ftest%2Fjava%2FAplikacjePrzeyslowe%2FdApp%2Fcontroller%2Frest%2FUserRestControllerTest.java%22%2C%22scheme%22%3A%22file%22%7D%7D%2C%7B%22uri%22%3A%7B%22%24mid%22%3A1%2C%22fsPath%22%3A%22c%3A%5C%5CUsers%5C%5Cszymo%5C%5Crepozytoria%5C%5CAplikacjePrzemyslowe_DatingApp%5C%5CdApp%5C%5Csrc%5C%5Ctest%5C%5Cjava%5C%5CAplikacjePrzeyslowe%5C%5CdApp%5C%5Cdao%5C%5CUserStatsDAOTest.java%22%2C%22_sep%22%3A1%2C%22external%22%3A%22file%3A%2F%2F%2Fc%253A%2FUsers%2Fszymo%2Frepozytoria%2FAplikacjePrzemyslowe_DatingApp%2FdApp%2Fsrc%2Ftest%2Fjava%2FAplikacjePrzeyslowe%2FdApp%2Fdao%2FUserStatsDAOTest.java%22%2C%22path%22%3A%22%2Fc%3A%2FUsers%2Fszymo%2Frepozytoria%2FAplikacjePrzemyslowe_DatingApp%2FdApp%2Fsrc%2Ftest%2Fjava%2FAplikacjePrzeyslowe%2FdApp%2Fdao%2FUserStatsDAOTest.java%22%2C%22scheme%22%3A%22file%22%7D%7D%2C%7B%22uri%22%3A%7B%22%24mid%22%3A1%2C%22fsPath%22%3A%22c%3A%5C%5CUsers%5C%5Cszymo%5C%5Crepozytoria%5C%5CAplikacjePrzemyslowe_DatingApp%5C%5CdApp%5C%5Csrc%5C%5Ctest%5C%5Cjava%5C%5CAplikacjePrzeyslowe%5C%5CdApp%5C%5Cintegration%5C%5CDatingAppIntegrationTest.java%22%2C%22_sep%22%3A1%2C%22external%22%3A%22file%3A%2F%2F%2Fc%253A%2FUsers%2Fszymo%2Frepozytoria%2FAplikacjePrzemyslowe_DatingApp%2FdApp%2Fsrc%2Ftest%2Fjava%2FAplikacjePrzeyslowe%2FdApp%2Fintegration%2FDatingAppIntegrationTest.java%22%2C%22path%22%3A%22%2Fc%3A%2FUsers%2Fszymo%2Frepozytoria%2FAplikacjePrzemyslowe_DatingApp%2FdApp%2Fsrc%2Ftest%2Fjava%2FAplikacjePrzeyslowe%2FdApp%2Fintegration%2FDatingAppIntegrationTest.java%22%2C%22scheme%22%3A%22file%22%7D%7D%2C%7B%22uri%22%3A%7B%22%24mid%22%3A1%2C%22fsPath%22%3A%22c%3A%5C%5CUsers%5C%5Cszymo%5C%5Crepozytoria%5C%5CAplikacjePrzemyslowe_DatingApp%5C%5CdApp%5C%5Csrc%5C%5Ctest%5C%5Cjava%5C%5CAplikacjePrzeyslowe%5C%5CdApp%5C%5Crepository%5C%5CLikeRepositoryTest.java%22%2C%22_sep%22%3A1%2C%22external%22%3A%22file%3A%2F%2F%2Fc%253A%2FUsers%2Fszymo%2Frepozytoria%2FAplikacjePrzemyslowe_DatingApp%2FdApp%2Fsrc%2Ftest%2Fjava%2FAplikacjePrzeyslowe%2FdApp%2Frepository%2FLikeRepositoryTest.java%22%2C%22path%22%3A%22%2Fc%3A%2FUsers%2Fszymo%2Frepozytoria%2FAplikacjePrzemyslowe_DatingApp%2FdApp%2Fsrc%2Ftest%2Fjava%2FAplikacjePrzeyslowe%2FdApp%2Frepository%2FLikeRepositoryTest.java%22%2C%22scheme%22%3A%22file%22%7D%7D%2C%7B%22uri%22%3A%7B%22%24mid%22%3A1%2C%22fsPath%22%3A%22c%3A%5C%5CUsers%5C%5Cszymo%5C%5Crepozytoria%5C%5CAplikacjePrzemyslowe_DatingApp%5C%5CdApp%5C%5Csrc%5C%5Ctest%5C%5Cjava%5C%5CAplikacjePrzeyslowe%5C%5CdApp%5C%5Crepository%5C%5CUserRepositoryTest.java%22%2C%22_sep%22%3A1%2C%22external%22%3A%22file%3A%2F%2F%2Fc%253A%2FUsers%2Fszymo%2Frepozytoria%2FAplikacjePrzemyslowe_DatingApp%2FdApp%2Fsrc%2Ftest%2Fjava%2FAplikacjePrzeyslowe%2FdApp%2Frepository%2FUserRepositoryTest.java%22%2C%22path%22%3A%22%2Fc%3A%2FUsers%2Fszymo%2Frepozytoria%2FAplikacjePrzemyslowe_DatingApp%2FdApp%2Fsrc%2Ftest%2Fjava%2FAplikacjePrzeyslowe%2FdApp%2Frepository%2FUserRepositoryTest.java%22%2C%22scheme%22%3A%22file%22%7D%7D%5D%7D"
  ]
}
java.nio.file.FileSystemNotFoundException: Provider "vscode-chat-code-block" not installed
	at java.base/java.nio.file.Path.of(Path.java:213)
	at java.base/java.nio.file.Paths.get(Paths.java:98)
	at scala.meta.internal.mtags.MtagsEnrichments$XtensionURIMtags.toAbsolutePath(MtagsEnrichments.scala:149)
	at scala.meta.internal.mtags.MtagsEnrichments$XtensionStringMtags.toAbsolutePath(MtagsEnrichments.scala:209)
	at scala.meta.internal.metals.MetalsEnrichments$XtensionString.toAbsolutePath(MetalsEnrichments.scala:778)
	at scala.meta.internal.metals.MetalsEnrichments$XtensionString.toAbsolutePath(MetalsEnrichments.scala:775)
	at scala.meta.internal.metals.WorkspaceLspService.didFocus(WorkspaceLspService.scala:789)
	at scala.meta.metals.lsp.DelegatingScalaService.didFocus(DelegatingScalaService.scala:42)
	at java.base/jdk.internal.reflect.DirectMethodHandleAccessor.invoke(DirectMethodHandleAccessor.java:103)
	at java.base/java.lang.reflect.Method.invoke(Method.java:580)
	at org.eclipse.lsp4j.jsonrpc.services.GenericEndpoint.lambda$recursiveFindRpcMethods$0(GenericEndpoint.java:65)
	at org.eclipse.lsp4j.jsonrpc.services.GenericEndpoint.notify(GenericEndpoint.java:160)
	at org.eclipse.lsp4j.jsonrpc.RemoteEndpoint.handleNotification(RemoteEndpoint.java:231)
	at org.eclipse.lsp4j.jsonrpc.RemoteEndpoint.consume(RemoteEndpoint.java:198)
	at org.eclipse.lsp4j.jsonrpc.json.StreamMessageProducer.handleMessage(StreamMessageProducer.java:185)
	at org.eclipse.lsp4j.jsonrpc.json.StreamMessageProducer.listen(StreamMessageProducer.java:97)
	at org.eclipse.lsp4j.jsonrpc.json.ConcurrentMessageProcessor.run(ConcurrentMessageProcessor.java:114)
	at java.base/java.util.concurrent.Executors$RunnableAdapter.call(Executors.java:572)
	at java.base/java.util.concurrent.FutureTask.run(FutureTask.java:317)
	at java.base/java.util.concurrent.ThreadPoolExecutor.runWorker(ThreadPoolExecutor.java:1144)
	at java.base/java.util.concurrent.ThreadPoolExecutor$Worker.run(ThreadPoolExecutor.java:642)
	at java.base/java.lang.Thread.run(Thread.java:1583)

2026.01.12 18:49:19 WARN  no build target for: C:\Users\szymo\repozytoria\AplikacjePrzemyslowe_DatingApp\dApp\src\test\java\AplikacjePrzeyslowe\dApp\controller\rest\UserRestControllerTest.java[0m
2026.01.12 18:49:19 INFO  no build target found for C:\Users\szymo\repozytoria\AplikacjePrzemyslowe_DatingApp\dApp\src\test\java\AplikacjePrzeyslowe\dApp\controller\rest\UserRestControllerTest.java. Using fallback presentation compiler.[0m
2026.01.12 18:49:19 INFO  no build target found for C:\Users\szymo\repozytoria\AplikacjePrzemyslowe_DatingApp\dApp\src\test\java\AplikacjePrzeyslowe\dApp\controller\rest\UserRestControllerTest.java. Using fallback presentation compiler.[0m
2026.01.12 18:49:19 INFO  no build target found for C:\Users\szymo\repozytoria\AplikacjePrzemyslowe_DatingApp\dApp\src\test\java\AplikacjePrzeyslowe\dApp\controller\rest\UserRestControllerTest.java. Using fallback presentation compiler.[0m
2026.01.12 18:49:21 WARN  no build target for: C:\Users\szymo\repozytoria\AplikacjePrzemyslowe_DatingApp\dApp\src\test\java\AplikacjePrzeyslowe\dApp\controller\rest\UserRestControllerTest.java[0m
2026.01.12 18:49:21 WARN  no build target for: C:\Users\szymo\repozytoria\AplikacjePrzemyslowe_DatingApp\dApp\src\test\java\AplikacjePrzeyslowe\dApp\controller\rest\WebMvcTest.java[0m
2026.01.12 18:49:21 INFO  no build target found for C:\Users\szymo\repozytoria\AplikacjePrzemyslowe_DatingApp\dApp\src\test\java\AplikacjePrzeyslowe\dApp\controller\rest\WebMvcTest.java. Using fallback presentation compiler.[0m
2026.01.12 18:49:21 INFO  no build target found for C:\Users\szymo\repozytoria\AplikacjePrzemyslowe_DatingApp\dApp\src\test\java\AplikacjePrzeyslowe\dApp\controller\rest\WebMvcTest.java. Using fallback presentation compiler.[0m
2026.01.12 18:49:21 INFO  no build target found for C:\Users\szymo\repozytoria\AplikacjePrzemyslowe_DatingApp\dApp\src\test\java\AplikacjePrzeyslowe\dApp\controller\rest\WebMvcTest.java. Using fallback presentation compiler.[0m
2026.01.12 18:49:21 INFO  no build target found for C:\Users\szymo\repozytoria\AplikacjePrzemyslowe_DatingApp\dApp\src\test\java\AplikacjePrzeyslowe\dApp\controller\rest\WebMvcTest.java. Using fallback presentation compiler.[0m
2026.01.12 18:49:23 INFO  no build target found for C:\Users\szymo\repozytoria\AplikacjePrzemyslowe_DatingApp\dApp\src\test\java\AplikacjePrzeyslowe\dApp\controller\rest\WebMvcTest.java. Using fallback presentation compiler.[0m
2026.01.12 18:49:23 WARN  no build target for: C:\Users\szymo\repozytoria\AplikacjePrzemyslowe_DatingApp\dApp\src\test\java\AplikacjePrzeyslowe\dApp\controller\rest\WebMvcTest.java[0m
sty 12, 2026 6:49:23 PM org.eclipse.lsp4j.jsonrpc.RemoteEndpoint handleCancellation
WARNING: Unmatched cancel notification for request id 505
2026.01.12 18:49:23 INFO  no build target found for C:\Users\szymo\repozytoria\AplikacjePrzemyslowe_DatingApp\dApp\src\test\java\AplikacjePrzeyslowe\dApp\repository\LikeRepositoryTest.java. Using fallback presentation compiler.[0m
2026.01.12 18:49:23 WARN  no build target for: C:\Users\szymo\repozytoria\AplikacjePrzemyslowe_DatingApp\dApp\src\test\java\AplikacjePrzeyslowe\dApp\repository\LikeRepositoryTest.java[0m
2026.01.12 18:49:23 INFO  no build target found for C:\Users\szymo\repozytoria\AplikacjePrzemyslowe_DatingApp\dApp\src\test\java\AplikacjePrzeyslowe\dApp\repository\LikeRepositoryTest.java. Using fallback presentation compiler.[0m
sty 12, 2026 6:49:24 PM org.eclipse.lsp4j.jsonrpc.RemoteEndpoint handleCancellation
WARNING: Unmatched cancel notification for request id 508
2026.01.12 18:49:24 INFO  no build target found for C:\Users\szymo\repozytoria\AplikacjePrzemyslowe_DatingApp\dApp\src\test\java\AplikacjePrzeyslowe\dApp\repository\LikeRepositoryTest.java. Using fallback presentation compiler.[0m
2026.01.12 18:49:24 INFO  no build target found for C:\Users\szymo\repozytoria\AplikacjePrzemyslowe_DatingApp\dApp\src\test\java\AplikacjePrzeyslowe\dApp\repository\LikeRepositoryTest.java. Using fallback presentation compiler.[0m
2026.01.12 18:49:24 INFO  no build target found for C:\Users\szymo\repozytoria\AplikacjePrzemyslowe_DatingApp\dApp\src\test\java\AplikacjePrzeyslowe\dApp\repository\LikeRepositoryTest.java. Using fallback presentation compiler.[0m
2026.01.12 18:49:26 WARN  no build target for: C:\Users\szymo\repozytoria\AplikacjePrzemyslowe_DatingApp\dApp\src\test\java\AplikacjePrzeyslowe\dApp\repository\LikeRepositoryTest.java[0m
sty 12, 2026 6:49:26 PM org.eclipse.lsp4j.jsonrpc.RemoteEndpoint handleCancellation
WARNING: Unmatched cancel notification for request id 514
2026.01.12 18:49:26 WARN  no build target for: C:\Users\szymo\repozytoria\AplikacjePrzemyslowe_DatingApp\dApp\src\test\java\AplikacjePrzeyslowe\dApp\integration\DatingAppIntegrationTest.java[0m
2026.01.12 18:49:26 INFO  no build target found for C:\Users\szymo\repozytoria\AplikacjePrzemyslowe_DatingApp\dApp\src\test\java\AplikacjePrzeyslowe\dApp\integration\DatingAppIntegrationTest.java. Using fallback presentation compiler.[0m
2026.01.12 18:49:26 INFO  no build target found for C:\Users\szymo\repozytoria\AplikacjePrzemyslowe_DatingApp\dApp\src\test\java\AplikacjePrzeyslowe\dApp\integration\DatingAppIntegrationTest.java. Using fallback presentation compiler.[0m
2026.01.12 18:49:27 INFO  no build target found for C:\Users\szymo\repozytoria\AplikacjePrzemyslowe_DatingApp\dApp\src\test\java\AplikacjePrzeyslowe\dApp\integration\DatingAppIntegrationTest.java. Using fallback presentation compiler.[0m
sty 12, 2026 6:49:27 PM org.eclipse.lsp4j.jsonrpc.RemoteEndpoint handleCancellation
WARNING: Unmatched cancel notification for request id 516
2026.01.12 18:49:26 INFO  no build target found for C:\Users\szymo\repozytoria\AplikacjePrzemyslowe_DatingApp\dApp\src\test\java\AplikacjePrzeyslowe\dApp\integration\DatingAppIntegrationTest.java. Using fallback presentation compiler.[0m
sty 12, 2026 6:49:28 PM org.eclipse.lsp4j.jsonrpc.RemoteEndpoint handleCancellation
WARNING: Unmatched cancel notification for request id 521
2026.01.12 18:49:27 WARN  no build target for: C:\Users\szymo\repozytoria\AplikacjePrzemyslowe_DatingApp\dApp\src\test\java\AplikacjePrzeyslowe\dApp\integration\DatingAppIntegrationTest.java[0m
2026.01.12 18:49:27 WARN  no build target for: C:\Users\szymo\repozytoria\AplikacjePrzemyslowe_DatingApp\dApp\src\test\java\AplikacjePrzeyslowe\dApp\dao\UserStatsDAOTest.java[0m
2026.01.12 18:49:28 INFO  no build target found for C:\Users\szymo\repozytoria\AplikacjePrzemyslowe_DatingApp\dApp\src\test\java\AplikacjePrzeyslowe\dApp\dao\UserStatsDAOTest.java. Using fallback presentation compiler.[0m
2026.01.12 18:49:28 INFO  no build target found for C:\Users\szymo\repozytoria\AplikacjePrzemyslowe_DatingApp\dApp\src\test\java\AplikacjePrzeyslowe\dApp\dao\UserStatsDAOTest.java. Using fallback presentation compiler.[0m
sty 12, 2026 6:49:28 PM org.eclipse.lsp4j.jsonrpc.RemoteEndpoint handleCancellation
WARNING: Unmatched cancel notification for request id 525
2026.01.12 18:49:28 INFO  no build target found for C:\Users\szymo\repozytoria\AplikacjePrzemyslowe_DatingApp\dApp\src\test\java\AplikacjePrzeyslowe\dApp\dao\UserStatsDAOTest.java. Using fallback presentation compiler.[0m
2026.01.12 18:49:28 INFO  no build target found for C:\Users\szymo\repozytoria\AplikacjePrzemyslowe_DatingApp\dApp\src\test\java\AplikacjePrzeyslowe\dApp\dao\UserStatsDAOTest.java. Using fallback presentation compiler.[0m
2026.01.12 18:49:29 INFO  no build target found for C:\Users\szymo\repozytoria\AplikacjePrzemyslowe_DatingApp\dApp\src\test\java\AplikacjePrzeyslowe\dApp\dao\UserStatsDAOTest.java. Using fallback presentation compiler.[0m
2026.01.12 18:49:29 WARN  no build target for: C:\Users\szymo\repozytoria\AplikacjePrzemyslowe_DatingApp\dApp\src\test\java\AplikacjePrzeyslowe\dApp\dao\UserStatsDAOTest.java[0m
2026.01.12 18:49:30 INFO  no build target found for C:\Users\szymo\repozytoria\AplikacjePrzemyslowe_DatingApp\dApp\src\test\java\AplikacjePrzeyslowe\dApp\controller\rest\UserRestControllerTest.java. Using fallback presentation compiler.[0m
2026.01.12 18:49:30 INFO  no build target found for C:\Users\szymo\repozytoria\AplikacjePrzemyslowe_DatingApp\dApp\src\test\java\AplikacjePrzeyslowe\dApp\integration\DatingAppIntegrationTest.java. Using fallback presentation compiler.[0m
2026.01.12 18:49:30 INFO  no build target found for C:\Users\szymo\repozytoria\AplikacjePrzemyslowe_DatingApp\dApp\src\test\java\AplikacjePrzeyslowe\dApp\repository\LikeRepositoryTest.java. Using fallback presentation compiler.[0m
2026.01.12 18:49:30 INFO  no build target found for C:\Users\szymo\repozytoria\AplikacjePrzemyslowe_DatingApp\dApp\src\test\java\AplikacjePrzeyslowe\dApp\controller\rest\WebMvcTest.java. Using fallback presentation compiler.[0m
2026.01.12 18:49:30 INFO  no build target found for C:\Users\szymo\repozytoria\AplikacjePrzemyslowe_DatingApp\dApp\src\test\java\AplikacjePrzeyslowe\dApp\dao\UserStatsDAOTest.java. Using fallback presentation compiler.[0m
2026.01.12 19:00:07 WARN  no build target for: C:\Users\szymo\repozytoria\AplikacjePrzemyslowe_DatingApp\dApp\src\main\java\AplikacjePrzeyslowe\dApp\DAppApplication.java[0m
2026.01.12 19:03:07 INFO  no build target found for C:\Users\szymo\repozytoria\AplikacjePrzemyslowe_DatingApp\dApp\src\main\java\AplikacjePrzeyslowe\dApp\DAppApplication.java. Using fallback presentation compiler.[0m
2026.01.12 19:22:15 INFO  Shutting down server[0m
2026.01.12 19:22:15 INFO  shutting down Metals[0m
2026.01.12 19:22:15 INFO  Exiting server[0m
